Copyright 1986-2018 Xilinx, Inc. All Rights Reserved.
-----------------------------------------------------------------------------------------------------------------------------------------------------------------------------------------------
| Tool Version : Vivado v.2018.3 (win64) Build 2405991 Thu Dec  6 23:38:27 MST 2018
| Date         : Wed Jan 12 18:21:13 2022
| Host         : DESKTOP-CQEO6G8 running 64-bit major release  (build 9200)
| Command      : report_timing_summary -max_paths 10 -file au_top_0_timing_summary_routed.rpt -pb au_top_0_timing_summary_routed.pb -rpx au_top_0_timing_summary_routed.rpx -warn_on_violation
| Design       : au_top_0
| Device       : 7a35t-ftg256
| Speed File   : -1  PRODUCTION 1.23 2018-06-13
-----------------------------------------------------------------------------------------------------------------------------------------------------------------------------------------------

Timing Summary Report

------------------------------------------------------------------------------------------------
| Timer Settings
| --------------
------------------------------------------------------------------------------------------------

  Enable Multi Corner Analysis               :  Yes
  Enable Pessimism Removal                   :  Yes
  Pessimism Removal Resolution               :  Nearest Common Node
  Enable Input Delay Default Clock           :  No
  Enable Preset / Clear Arcs                 :  No
  Disable Flight Delays                      :  No
  Ignore I/O Paths                           :  No
  Timing Early Launch at Borrowing Latches   :  false

  Corner  Analyze    Analyze    
  Name    Max Paths  Min Paths  
  ------  ---------  ---------  
  Slow    Yes        Yes        
  Fast    Yes        Yes        



check_timing report

Table of Contents
-----------------
1. checking no_clock
2. checking constant_clock
3. checking pulse_width_clock
4. checking unconstrained_internal_endpoints
5. checking no_input_delay
6. checking no_output_delay
7. checking multiple_clock
8. checking generated_clocks
9. checking loops
10. checking partial_input_delay
11. checking partial_output_delay
12. checking latch_loops

1. checking no_clock
--------------------
 There are 0 register/latch pins with no clock.


2. checking constant_clock
--------------------------
 There are 0 register/latch pins with constant_clock.


3. checking pulse_width_clock
-----------------------------
 There are 0 register/latch pins which need pulse_width check


4. checking unconstrained_internal_endpoints
--------------------------------------------
 There are 0 pins that are not constrained for maximum delay.

 There are 0 pins that are not constrained for maximum delay due to constant clock.


5. checking no_input_delay
--------------------------
 There is 1 input port with no input delay specified. (HIGH)

 There are 0 input ports with no input delay but user has a false path constraint.


6. checking no_output_delay
---------------------------
 There are 8 ports with no output delay specified. (HIGH)

 There are 0 ports with no output delay but user has a false path constraint

 There are 0 ports with no output delay but with a timing clock defined on it or propagating through it


7. checking multiple_clock
--------------------------
 There are 0 register/latch pins with multiple clocks.


8. checking generated_clocks
----------------------------
 There are 0 generated clocks that are not connected to a clock source.


9. checking loops
-----------------
 There are 0 combinational loops in the design.


10. checking partial_input_delay
--------------------------------
 There are 0 input ports with partial input delay specified.


11. checking partial_output_delay
---------------------------------
 There are 0 ports with partial output delay specified.


12. checking latch_loops
------------------------
 There are 0 combinational latch loops in the design through latch input



------------------------------------------------------------------------------------------------
| Design Timing Summary
| ---------------------
------------------------------------------------------------------------------------------------

    WNS(ns)      TNS(ns)  TNS Failing Endpoints  TNS Total Endpoints      WHS(ns)      THS(ns)  THS Failing Endpoints  THS Total Endpoints     WPWS(ns)     TPWS(ns)  TPWS Failing Endpoints  TPWS Total Endpoints  
    -------      -------  ---------------------  -------------------      -------      -------  ---------------------  -------------------     --------     --------  ----------------------  --------------------  
      7.810        0.000                      0                   23        0.243        0.000                      0                   23        4.500        0.000                       0                    15  


All user specified timing constraints are met.


------------------------------------------------------------------------------------------------
| Clock Summary
| -------------
------------------------------------------------------------------------------------------------

Clock  Waveform(ns)       Period(ns)      Frequency(MHz)
-----  ------------       ----------      --------------
clk_0  {0.000 5.000}      10.000          100.000         


------------------------------------------------------------------------------------------------
| Intra Clock Table
| -----------------
------------------------------------------------------------------------------------------------

Clock             WNS(ns)      TNS(ns)  TNS Failing Endpoints  TNS Total Endpoints      WHS(ns)      THS(ns)  THS Failing Endpoints  THS Total Endpoints     WPWS(ns)     TPWS(ns)  TPWS Failing Endpoints  TPWS Total Endpoints  
-----             -------      -------  ---------------------  -------------------      -------      -------  ---------------------  -------------------     --------     --------  ----------------------  --------------------  
clk_0               7.810        0.000                      0                   23        0.243        0.000                      0                   23        4.500        0.000                       0                    15  


------------------------------------------------------------------------------------------------
| Inter Clock Table
| -----------------
------------------------------------------------------------------------------------------------

From Clock    To Clock          WNS(ns)      TNS(ns)  TNS Failing Endpoints  TNS Total Endpoints      WHS(ns)      THS(ns)  THS Failing Endpoints  THS Total Endpoints  
----------    --------          -------      -------  ---------------------  -------------------      -------      -------  ---------------------  -------------------  


------------------------------------------------------------------------------------------------
| Other Path Groups Table
| -----------------------
------------------------------------------------------------------------------------------------

Path Group    From Clock    To Clock          WNS(ns)      TNS(ns)  TNS Failing Endpoints  TNS Total Endpoints      WHS(ns)      THS(ns)  THS Failing Endpoints  THS Total Endpoints  
----------    ----------    --------          -------      -------  ---------------------  -------------------      -------      -------  ---------------------  -------------------  


------------------------------------------------------------------------------------------------
| Timing Details
| --------------
------------------------------------------------------------------------------------------------


---------------------------------------------------------------------------------------------------
From Clock:  clk_0
  To Clock:  clk_0

Setup :            0  Failing Endpoints,  Worst Slack        7.810ns,  Total Violation        0.000ns
Hold  :            0  Failing Endpoints,  Worst Slack        0.243ns,  Total Violation        0.000ns
PW    :            0  Failing Endpoints,  Worst Slack        4.500ns,  Total Violation        0.000ns
---------------------------------------------------------------------------------------------------


Max Delay Paths
--------------------------------------------------------------------------------------
Slack (MET) :             7.810ns  (required time - arrival time)
  Source:                 myBlinker/M_counter_q_reg[4]/C
                            (rising edge-triggered cell FDRE clocked by clk_0  {rise@0.000ns fall@5.000ns period=10.000ns})
  Destination:            myBlinker/M_counter_q_reg[9]/D
                            (rising edge-triggered cell FDRE clocked by clk_0  {rise@0.000ns fall@5.000ns period=10.000ns})
  Path Group:             clk_0
  Path Type:              Setup (Max at Slow Process Corner)
  Requirement:            10.000ns  (clk_0 rise@10.000ns - clk_0 rise@0.000ns)
  Data Path Delay:        2.193ns  (logic 1.446ns (65.951%)  route 0.747ns (34.049%))
  Logic Levels:           2  (CARRY4=2)
  Clock Path Skew:        -0.024ns (DCD - SCD + CPR)
    Destination Clock Delay (DCD):    4.923ns = ( 14.923 - 10.000 ) 
    Source Clock Delay      (SCD):    5.220ns
    Clock Pessimism Removal (CPR):    0.273ns
  Clock Uncertainty:      0.035ns  ((TSJ^2 + TIJ^2)^1/2 + DJ) / 2 + PE
    Total System Jitter     (TSJ):    0.071ns
    Total Input Jitter      (TIJ):    0.000ns
    Discrete Jitter          (DJ):    0.000ns
    Phase Error              (PE):    0.000ns

    Location             Delay type                Incr(ns)  Path(ns)    Netlist Resource(s)
  -------------------------------------------------------------------    -------------------
                         (clock clk_0 rise edge)      0.000     0.000 r  
    N14                                               0.000     0.000 r  clk (IN)
                         net (fo=0)                   0.000     0.000    clk
    N14                  IBUF (Prop_ibuf_I_O)         1.517     1.517 r  clk_IBUF_inst/O
                         net (fo=1, routed)           1.972     3.488    clk_IBUF
    BUFGCTRL_X0Y0        BUFG (Prop_bufg_I_O)         0.096     3.584 r  clk_IBUF_BUFG_inst/O
                         net (fo=14, routed)          1.636     5.220    myBlinker/CLK
    SLICE_X0Y40          FDRE                                         r  myBlinker/M_counter_q_reg[4]/C
  -------------------------------------------------------------------    -------------------
    SLICE_X0Y40          FDRE (Prop_fdre_C_Q)         0.456     5.676 r  myBlinker/M_counter_q_reg[4]/Q
                         net (fo=1, routed)           0.747     6.423    myBlinker/M_counter_q_reg_n_0_[4]
    SLICE_X0Y40          CARRY4 (Prop_carry4_S[0]_CO[3])
                                                      0.656     7.079 r  myBlinker/M_counter_q_reg[4]_i_1/CO[3]
                         net (fo=1, routed)           0.000     7.079    myBlinker/M_counter_q_reg[4]_i_1_n_0
    SLICE_X0Y41          CARRY4 (Prop_carry4_CI_O[1])
                                                      0.334     7.413 r  myBlinker/M_counter_q_reg[8]_i_1/O[1]
                         net (fo=1, routed)           0.000     7.413    myBlinker/M_counter_q_reg[8]_i_1_n_6
    SLICE_X0Y41          FDRE                                         r  myBlinker/M_counter_q_reg[9]/D
  -------------------------------------------------------------------    -------------------

                         (clock clk_0 rise edge)     10.000    10.000 r  
    N14                                               0.000    10.000 r  clk (IN)
                         net (fo=0)                   0.000    10.000    clk
    N14                  IBUF (Prop_ibuf_I_O)         1.446    11.446 r  clk_IBUF_inst/O
                         net (fo=1, routed)           1.868    13.314    clk_IBUF
    BUFGCTRL_X0Y0        BUFG (Prop_bufg_I_O)         0.091    13.405 r  clk_IBUF_BUFG_inst/O
                         net (fo=14, routed)          1.518    14.923    myBlinker/CLK
    SLICE_X0Y41          FDRE                                         r  myBlinker/M_counter_q_reg[9]/C
                         clock pessimism              0.273    15.196    
                         clock uncertainty           -0.035    15.161    
    SLICE_X0Y41          FDRE (Setup_fdre_C_D)        0.062    15.223    myBlinker/M_counter_q_reg[9]
  -------------------------------------------------------------------
                         required time                         15.223    
                         arrival time                          -7.413    
  -------------------------------------------------------------------
                         slack                                  7.810    

Slack (MET) :             7.921ns  (required time - arrival time)
  Source:                 myBlinker/M_counter_q_reg[4]/C
                            (rising edge-triggered cell FDRE clocked by clk_0  {rise@0.000ns fall@5.000ns period=10.000ns})
  Destination:            myBlinker/M_counter_q_reg[8]/D
                            (rising edge-triggered cell FDRE clocked by clk_0  {rise@0.000ns fall@5.000ns period=10.000ns})
  Path Group:             clk_0
  Path Type:              Setup (Max at Slow Process Corner)
  Requirement:            10.000ns  (clk_0 rise@10.000ns - clk_0 rise@0.000ns)
  Data Path Delay:        2.082ns  (logic 1.335ns (64.135%)  route 0.747ns (35.865%))
  Logic Levels:           2  (CARRY4=2)
  Clock Path Skew:        -0.024ns (DCD - SCD + CPR)
    Destination Clock Delay (DCD):    4.923ns = ( 14.923 - 10.000 ) 
    Source Clock Delay      (SCD):    5.220ns
    Clock Pessimism Removal (CPR):    0.273ns
  Clock Uncertainty:      0.035ns  ((TSJ^2 + TIJ^2)^1/2 + DJ) / 2 + PE
    Total System Jitter     (TSJ):    0.071ns
    Total Input Jitter      (TIJ):    0.000ns
    Discrete Jitter          (DJ):    0.000ns
    Phase Error              (PE):    0.000ns

    Location             Delay type                Incr(ns)  Path(ns)    Netlist Resource(s)
  -------------------------------------------------------------------    -------------------
                         (clock clk_0 rise edge)      0.000     0.000 r  
    N14                                               0.000     0.000 r  clk (IN)
                         net (fo=0)                   0.000     0.000    clk
    N14                  IBUF (Prop_ibuf_I_O)         1.517     1.517 r  clk_IBUF_inst/O
                         net (fo=1, routed)           1.972     3.488    clk_IBUF
    BUFGCTRL_X0Y0        BUFG (Prop_bufg_I_O)         0.096     3.584 r  clk_IBUF_BUFG_inst/O
                         net (fo=14, routed)          1.636     5.220    myBlinker/CLK
    SLICE_X0Y40          FDRE                                         r  myBlinker/M_counter_q_reg[4]/C
  -------------------------------------------------------------------    -------------------
    SLICE_X0Y40          FDRE (Prop_fdre_C_Q)         0.456     5.676 r  myBlinker/M_counter_q_reg[4]/Q
                         net (fo=1, routed)           0.747     6.423    myBlinker/M_counter_q_reg_n_0_[4]
    SLICE_X0Y40          CARRY4 (Prop_carry4_S[0]_CO[3])
                                                      0.656     7.079 r  myBlinker/M_counter_q_reg[4]_i_1/CO[3]
                         net (fo=1, routed)           0.000     7.079    myBlinker/M_counter_q_reg[4]_i_1_n_0
    SLICE_X0Y41          CARRY4 (Prop_carry4_CI_O[0])
                                                      0.223     7.302 r  myBlinker/M_counter_q_reg[8]_i_1/O[0]
                         net (fo=1, routed)           0.000     7.302    myBlinker/M_counter_q_reg[8]_i_1_n_7
    SLICE_X0Y41          FDRE                                         r  myBlinker/M_counter_q_reg[8]/D
  -------------------------------------------------------------------    -------------------

                         (clock clk_0 rise edge)     10.000    10.000 r  
    N14                                               0.000    10.000 r  clk (IN)
                         net (fo=0)                   0.000    10.000    clk
    N14                  IBUF (Prop_ibuf_I_O)         1.446    11.446 r  clk_IBUF_inst/O
                         net (fo=1, routed)           1.868    13.314    clk_IBUF
    BUFGCTRL_X0Y0        BUFG (Prop_bufg_I_O)         0.091    13.405 r  clk_IBUF_BUFG_inst/O
                         net (fo=14, routed)          1.518    14.923    myBlinker/CLK
    SLICE_X0Y41          FDRE                                         r  myBlinker/M_counter_q_reg[8]/C
                         clock pessimism              0.273    15.196    
                         clock uncertainty           -0.035    15.161    
    SLICE_X0Y41          FDRE (Setup_fdre_C_D)        0.062    15.223    myBlinker/M_counter_q_reg[8]
  -------------------------------------------------------------------
                         required time                         15.223    
                         arrival time                          -7.302    
  -------------------------------------------------------------------
                         slack                                  7.921    

Slack (MET) :             7.936ns  (required time - arrival time)
  Source:                 myBlinker/M_counter_q_reg[3]/C
                            (rising edge-triggered cell FDRE clocked by clk_0  {rise@0.000ns fall@5.000ns period=10.000ns})
  Destination:            myBlinker/M_counter_q_reg[5]/D
                            (rising edge-triggered cell FDRE clocked by clk_0  {rise@0.000ns fall@5.000ns period=10.000ns})
  Path Group:             clk_0
  Path Type:              Setup (Max at Slow Process Corner)
  Requirement:            10.000ns  (clk_0 rise@10.000ns - clk_0 rise@0.000ns)
  Data Path Delay:        2.066ns  (logic 1.315ns (63.660%)  route 0.751ns (36.340%))
  Logic Levels:           2  (CARRY4=2)
  Clock Path Skew:        -0.025ns (DCD - SCD + CPR)
    Destination Clock Delay (DCD):    4.922ns = ( 14.922 - 10.000 ) 
    Source Clock Delay      (SCD):    5.220ns
    Clock Pessimism Removal (CPR):    0.273ns
  Clock Uncertainty:      0.035ns  ((TSJ^2 + TIJ^2)^1/2 + DJ) / 2 + PE
    Total System Jitter     (TSJ):    0.071ns
    Total Input Jitter      (TIJ):    0.000ns
    Discrete Jitter          (DJ):    0.000ns
    Phase Error              (PE):    0.000ns

    Location             Delay type                Incr(ns)  Path(ns)    Netlist Resource(s)
  -------------------------------------------------------------------    -------------------
                         (clock clk_0 rise edge)      0.000     0.000 r  
    N14                                               0.000     0.000 r  clk (IN)
                         net (fo=0)                   0.000     0.000    clk
    N14                  IBUF (Prop_ibuf_I_O)         1.517     1.517 r  clk_IBUF_inst/O
                         net (fo=1, routed)           1.972     3.488    clk_IBUF
    BUFGCTRL_X0Y0        BUFG (Prop_bufg_I_O)         0.096     3.584 r  clk_IBUF_BUFG_inst/O
                         net (fo=14, routed)          1.636     5.220    myBlinker/CLK
    SLICE_X0Y39          FDRE                                         r  myBlinker/M_counter_q_reg[3]/C
  -------------------------------------------------------------------    -------------------
    SLICE_X0Y39          FDRE (Prop_fdre_C_Q)         0.456     5.676 r  myBlinker/M_counter_q_reg[3]/Q
                         net (fo=1, routed)           0.751     6.427    myBlinker/M_counter_q_reg_n_0_[3]
    SLICE_X0Y39          CARRY4 (Prop_carry4_S[3]_CO[3])
                                                      0.525     6.952 r  myBlinker/M_counter_q_reg[0]_i_1/CO[3]
                         net (fo=1, routed)           0.000     6.952    myBlinker/M_counter_q_reg[0]_i_1_n_0
    SLICE_X0Y40          CARRY4 (Prop_carry4_CI_O[1])
                                                      0.334     7.286 r  myBlinker/M_counter_q_reg[4]_i_1/O[1]
                         net (fo=1, routed)           0.000     7.286    myBlinker/M_counter_q_reg[4]_i_1_n_6
    SLICE_X0Y40          FDRE                                         r  myBlinker/M_counter_q_reg[5]/D
  -------------------------------------------------------------------    -------------------

                         (clock clk_0 rise edge)     10.000    10.000 r  
    N14                                               0.000    10.000 r  clk (IN)
                         net (fo=0)                   0.000    10.000    clk
    N14                  IBUF (Prop_ibuf_I_O)         1.446    11.446 r  clk_IBUF_inst/O
                         net (fo=1, routed)           1.868    13.314    clk_IBUF
    BUFGCTRL_X0Y0        BUFG (Prop_bufg_I_O)         0.091    13.405 r  clk_IBUF_BUFG_inst/O
                         net (fo=14, routed)          1.517    14.922    myBlinker/CLK
    SLICE_X0Y40          FDRE                                         r  myBlinker/M_counter_q_reg[5]/C
                         clock pessimism              0.273    15.195    
                         clock uncertainty           -0.035    15.160    
    SLICE_X0Y40          FDRE (Setup_fdre_C_D)        0.062    15.222    myBlinker/M_counter_q_reg[5]
  -------------------------------------------------------------------
                         required time                         15.222    
                         arrival time                          -7.286    
  -------------------------------------------------------------------
                         slack                                  7.936    

Slack (MET) :             7.957ns  (required time - arrival time)
  Source:                 myBlinker/M_counter_q_reg[3]/C
                            (rising edge-triggered cell FDRE clocked by clk_0  {rise@0.000ns fall@5.000ns period=10.000ns})
  Destination:            myBlinker/M_counter_q_reg[7]/D
                            (rising edge-triggered cell FDRE clocked by clk_0  {rise@0.000ns fall@5.000ns period=10.000ns})
  Path Group:             clk_0
  Path Type:              Setup (Max at Slow Process Corner)
  Requirement:            10.000ns  (clk_0 rise@10.000ns - clk_0 rise@0.000ns)
  Data Path Delay:        2.045ns  (logic 1.294ns (63.287%)  route 0.751ns (36.713%))
  Logic Levels:           2  (CARRY4=2)
  Clock Path Skew:        -0.025ns (DCD - SCD + CPR)
    Destination Clock Delay (DCD):    4.922ns = ( 14.922 - 10.000 ) 
    Source Clock Delay      (SCD):    5.220ns
    Clock Pessimism Removal (CPR):    0.273ns
  Clock Uncertainty:      0.035ns  ((TSJ^2 + TIJ^2)^1/2 + DJ) / 2 + PE
    Total System Jitter     (TSJ):    0.071ns
    Total Input Jitter      (TIJ):    0.000ns
    Discrete Jitter          (DJ):    0.000ns
    Phase Error              (PE):    0.000ns

    Location             Delay type                Incr(ns)  Path(ns)    Netlist Resource(s)
  -------------------------------------------------------------------    -------------------
                         (clock clk_0 rise edge)      0.000     0.000 r  
    N14                                               0.000     0.000 r  clk (IN)
                         net (fo=0)                   0.000     0.000    clk
    N14                  IBUF (Prop_ibuf_I_O)         1.517     1.517 r  clk_IBUF_inst/O
                         net (fo=1, routed)           1.972     3.488    clk_IBUF
    BUFGCTRL_X0Y0        BUFG (Prop_bufg_I_O)         0.096     3.584 r  clk_IBUF_BUFG_inst/O
                         net (fo=14, routed)          1.636     5.220    myBlinker/CLK
    SLICE_X0Y39          FDRE                                         r  myBlinker/M_counter_q_reg[3]/C
  -------------------------------------------------------------------    -------------------
    SLICE_X0Y39          FDRE (Prop_fdre_C_Q)         0.456     5.676 r  myBlinker/M_counter_q_reg[3]/Q
                         net (fo=1, routed)           0.751     6.427    myBlinker/M_counter_q_reg_n_0_[3]
    SLICE_X0Y39          CARRY4 (Prop_carry4_S[3]_CO[3])
                                                      0.525     6.952 r  myBlinker/M_counter_q_reg[0]_i_1/CO[3]
                         net (fo=1, routed)           0.000     6.952    myBlinker/M_counter_q_reg[0]_i_1_n_0
    SLICE_X0Y40          CARRY4 (Prop_carry4_CI_O[3])
                                                      0.313     7.265 r  myBlinker/M_counter_q_reg[4]_i_1/O[3]
                         net (fo=1, routed)           0.000     7.265    myBlinker/M_counter_q_reg[4]_i_1_n_4
    SLICE_X0Y40          FDRE                                         r  myBlinker/M_counter_q_reg[7]/D
  -------------------------------------------------------------------    -------------------

                         (clock clk_0 rise edge)     10.000    10.000 r  
    N14                                               0.000    10.000 r  clk (IN)
                         net (fo=0)                   0.000    10.000    clk
    N14                  IBUF (Prop_ibuf_I_O)         1.446    11.446 r  clk_IBUF_inst/O
                         net (fo=1, routed)           1.868    13.314    clk_IBUF
    BUFGCTRL_X0Y0        BUFG (Prop_bufg_I_O)         0.091    13.405 r  clk_IBUF_BUFG_inst/O
                         net (fo=14, routed)          1.517    14.922    myBlinker/CLK
    SLICE_X0Y40          FDRE                                         r  myBlinker/M_counter_q_reg[7]/C
                         clock pessimism              0.273    15.195    
                         clock uncertainty           -0.035    15.160    
    SLICE_X0Y40          FDRE (Setup_fdre_C_D)        0.062    15.222    myBlinker/M_counter_q_reg[7]
  -------------------------------------------------------------------
                         required time                         15.222    
                         arrival time                          -7.265    
  -------------------------------------------------------------------
                         slack                                  7.957    

Slack (MET) :             8.031ns  (required time - arrival time)
  Source:                 myBlinker/M_counter_q_reg[3]/C
                            (rising edge-triggered cell FDRE clocked by clk_0  {rise@0.000ns fall@5.000ns period=10.000ns})
  Destination:            myBlinker/M_counter_q_reg[6]/D
                            (rising edge-triggered cell FDRE clocked by clk_0  {rise@0.000ns fall@5.000ns period=10.000ns})
  Path Group:             clk_0
  Path Type:              Setup (Max at Slow Process Corner)
  Requirement:            10.000ns  (clk_0 rise@10.000ns - clk_0 rise@0.000ns)
  Data Path Delay:        1.971ns  (logic 1.220ns (61.908%)  route 0.751ns (38.092%))
  Logic Levels:           2  (CARRY4=2)
  Clock Path Skew:        -0.025ns (DCD - SCD + CPR)
    Destination Clock Delay (DCD):    4.922ns = ( 14.922 - 10.000 ) 
    Source Clock Delay      (SCD):    5.220ns
    Clock Pessimism Removal (CPR):    0.273ns
  Clock Uncertainty:      0.035ns  ((TSJ^2 + TIJ^2)^1/2 + DJ) / 2 + PE
    Total System Jitter     (TSJ):    0.071ns
    Total Input Jitter      (TIJ):    0.000ns
    Discrete Jitter          (DJ):    0.000ns
    Phase Error              (PE):    0.000ns

    Location             Delay type                Incr(ns)  Path(ns)    Netlist Resource(s)
  -------------------------------------------------------------------    -------------------
                         (clock clk_0 rise edge)      0.000     0.000 r  
    N14                                               0.000     0.000 r  clk (IN)
                         net (fo=0)                   0.000     0.000    clk
    N14                  IBUF (Prop_ibuf_I_O)         1.517     1.517 r  clk_IBUF_inst/O
                         net (fo=1, routed)           1.972     3.488    clk_IBUF
    BUFGCTRL_X0Y0        BUFG (Prop_bufg_I_O)         0.096     3.584 r  clk_IBUF_BUFG_inst/O
                         net (fo=14, routed)          1.636     5.220    myBlinker/CLK
    SLICE_X0Y39          FDRE                                         r  myBlinker/M_counter_q_reg[3]/C
  -------------------------------------------------------------------    -------------------
    SLICE_X0Y39          FDRE (Prop_fdre_C_Q)         0.456     5.676 r  myBlinker/M_counter_q_reg[3]/Q
                         net (fo=1, routed)           0.751     6.427    myBlinker/M_counter_q_reg_n_0_[3]
    SLICE_X0Y39          CARRY4 (Prop_carry4_S[3]_CO[3])
                                                      0.525     6.952 r  myBlinker/M_counter_q_reg[0]_i_1/CO[3]
                         net (fo=1, routed)           0.000     6.952    myBlinker/M_counter_q_reg[0]_i_1_n_0
    SLICE_X0Y40          CARRY4 (Prop_carry4_CI_O[2])
                                                      0.239     7.191 r  myBlinker/M_counter_q_reg[4]_i_1/O[2]
                         net (fo=1, routed)           0.000     7.191    myBlinker/M_counter_q_reg[4]_i_1_n_5
    SLICE_X0Y40          FDRE                                         r  myBlinker/M_counter_q_reg[6]/D
  -------------------------------------------------------------------    -------------------

                         (clock clk_0 rise edge)     10.000    10.000 r  
    N14                                               0.000    10.000 r  clk (IN)
                         net (fo=0)                   0.000    10.000    clk
    N14                  IBUF (Prop_ibuf_I_O)         1.446    11.446 r  clk_IBUF_inst/O
                         net (fo=1, routed)           1.868    13.314    clk_IBUF
    BUFGCTRL_X0Y0        BUFG (Prop_bufg_I_O)         0.091    13.405 r  clk_IBUF_BUFG_inst/O
                         net (fo=14, routed)          1.517    14.922    myBlinker/CLK
    SLICE_X0Y40          FDRE                                         r  myBlinker/M_counter_q_reg[6]/C
                         clock pessimism              0.273    15.195    
                         clock uncertainty           -0.035    15.160    
    SLICE_X0Y40          FDRE (Setup_fdre_C_D)        0.062    15.222    myBlinker/M_counter_q_reg[6]
  -------------------------------------------------------------------
                         required time                         15.222    
                         arrival time                          -7.191    
  -------------------------------------------------------------------
                         slack                                  8.031    

Slack (MET) :             8.047ns  (required time - arrival time)
  Source:                 myBlinker/M_counter_q_reg[3]/C
                            (rising edge-triggered cell FDRE clocked by clk_0  {rise@0.000ns fall@5.000ns period=10.000ns})
  Destination:            myBlinker/M_counter_q_reg[4]/D
                            (rising edge-triggered cell FDRE clocked by clk_0  {rise@0.000ns fall@5.000ns period=10.000ns})
  Path Group:             clk_0
  Path Type:              Setup (Max at Slow Process Corner)
  Requirement:            10.000ns  (clk_0 rise@10.000ns - clk_0 rise@0.000ns)
  Data Path Delay:        1.955ns  (logic 1.204ns (61.596%)  route 0.751ns (38.404%))
  Logic Levels:           2  (CARRY4=2)
  Clock Path Skew:        -0.025ns (DCD - SCD + CPR)
    Destination Clock Delay (DCD):    4.922ns = ( 14.922 - 10.000 ) 
    Source Clock Delay      (SCD):    5.220ns
    Clock Pessimism Removal (CPR):    0.273ns
  Clock Uncertainty:      0.035ns  ((TSJ^2 + TIJ^2)^1/2 + DJ) / 2 + PE
    Total System Jitter     (TSJ):    0.071ns
    Total Input Jitter      (TIJ):    0.000ns
    Discrete Jitter          (DJ):    0.000ns
    Phase Error              (PE):    0.000ns

    Location             Delay type                Incr(ns)  Path(ns)    Netlist Resource(s)
  -------------------------------------------------------------------    -------------------
                         (clock clk_0 rise edge)      0.000     0.000 r  
    N14                                               0.000     0.000 r  clk (IN)
                         net (fo=0)                   0.000     0.000    clk
    N14                  IBUF (Prop_ibuf_I_O)         1.517     1.517 r  clk_IBUF_inst/O
                         net (fo=1, routed)           1.972     3.488    clk_IBUF
    BUFGCTRL_X0Y0        BUFG (Prop_bufg_I_O)         0.096     3.584 r  clk_IBUF_BUFG_inst/O
                         net (fo=14, routed)          1.636     5.220    myBlinker/CLK
    SLICE_X0Y39          FDRE                                         r  myBlinker/M_counter_q_reg[3]/C
  -------------------------------------------------------------------    -------------------
    SLICE_X0Y39          FDRE (Prop_fdre_C_Q)         0.456     5.676 r  myBlinker/M_counter_q_reg[3]/Q
                         net (fo=1, routed)           0.751     6.427    myBlinker/M_counter_q_reg_n_0_[3]
    SLICE_X0Y39          CARRY4 (Prop_carry4_S[3]_CO[3])
                                                      0.525     6.952 r  myBlinker/M_counter_q_reg[0]_i_1/CO[3]
                         net (fo=1, routed)           0.000     6.952    myBlinker/M_counter_q_reg[0]_i_1_n_0
    SLICE_X0Y40          CARRY4 (Prop_carry4_CI_O[0])
                                                      0.223     7.175 r  myBlinker/M_counter_q_reg[4]_i_1/O[0]
                         net (fo=1, routed)           0.000     7.175    myBlinker/M_counter_q_reg[4]_i_1_n_7
    SLICE_X0Y40          FDRE                                         r  myBlinker/M_counter_q_reg[4]/D
  -------------------------------------------------------------------    -------------------

                         (clock clk_0 rise edge)     10.000    10.000 r  
    N14                                               0.000    10.000 r  clk (IN)
                         net (fo=0)                   0.000    10.000    clk
    N14                  IBUF (Prop_ibuf_I_O)         1.446    11.446 r  clk_IBUF_inst/O
                         net (fo=1, routed)           1.868    13.314    clk_IBUF
    BUFGCTRL_X0Y0        BUFG (Prop_bufg_I_O)         0.091    13.405 r  clk_IBUF_BUFG_inst/O
                         net (fo=14, routed)          1.517    14.922    myBlinker/CLK
    SLICE_X0Y40          FDRE                                         r  myBlinker/M_counter_q_reg[4]/C
                         clock pessimism              0.273    15.195    
                         clock uncertainty           -0.035    15.160    
    SLICE_X0Y40          FDRE (Setup_fdre_C_D)        0.062    15.222    myBlinker/M_counter_q_reg[4]
  -------------------------------------------------------------------
                         required time                         15.222    
                         arrival time                          -7.175    
  -------------------------------------------------------------------
                         slack                                  8.047    

Slack (MET) :             8.223ns  (required time - arrival time)
  Source:                 myBlinker/M_counter_q_reg[1]/C
                            (rising edge-triggered cell FDRE clocked by clk_0  {rise@0.000ns fall@5.000ns period=10.000ns})
  Destination:            myBlinker/M_counter_q_reg[3]/D
                            (rising edge-triggered cell FDRE clocked by clk_0  {rise@0.000ns fall@5.000ns period=10.000ns})
  Path Group:             clk_0
  Path Type:              Setup (Max at Slow Process Corner)
  Requirement:            10.000ns  (clk_0 rise@10.000ns - clk_0 rise@0.000ns)
  Data Path Delay:        1.803ns  (logic 1.220ns (67.650%)  route 0.583ns (32.350%))
  Logic Levels:           1  (CARRY4=1)
  Clock Path Skew:        0.000ns (DCD - SCD + CPR)
    Destination Clock Delay (DCD):    4.922ns = ( 14.922 - 10.000 ) 
    Source Clock Delay      (SCD):    5.220ns
    Clock Pessimism Removal (CPR):    0.298ns
  Clock Uncertainty:      0.035ns  ((TSJ^2 + TIJ^2)^1/2 + DJ) / 2 + PE
    Total System Jitter     (TSJ):    0.071ns
    Total Input Jitter      (TIJ):    0.000ns
    Discrete Jitter          (DJ):    0.000ns
    Phase Error              (PE):    0.000ns

    Location             Delay type                Incr(ns)  Path(ns)    Netlist Resource(s)
  -------------------------------------------------------------------    -------------------
                         (clock clk_0 rise edge)      0.000     0.000 r  
    N14                                               0.000     0.000 r  clk (IN)
                         net (fo=0)                   0.000     0.000    clk
    N14                  IBUF (Prop_ibuf_I_O)         1.517     1.517 r  clk_IBUF_inst/O
                         net (fo=1, routed)           1.972     3.488    clk_IBUF
    BUFGCTRL_X0Y0        BUFG (Prop_bufg_I_O)         0.096     3.584 r  clk_IBUF_BUFG_inst/O
                         net (fo=14, routed)          1.636     5.220    myBlinker/CLK
    SLICE_X0Y39          FDRE                                         r  myBlinker/M_counter_q_reg[1]/C
  -------------------------------------------------------------------    -------------------
    SLICE_X0Y39          FDRE (Prop_fdre_C_Q)         0.456     5.676 r  myBlinker/M_counter_q_reg[1]/Q
                         net (fo=1, routed)           0.583     6.260    myBlinker/M_counter_q_reg_n_0_[1]
    SLICE_X0Y39          CARRY4 (Prop_carry4_S[1]_O[3])
                                                      0.764     7.024 r  myBlinker/M_counter_q_reg[0]_i_1/O[3]
                         net (fo=1, routed)           0.000     7.024    myBlinker/M_counter_q_reg[0]_i_1_n_4
    SLICE_X0Y39          FDRE                                         r  myBlinker/M_counter_q_reg[3]/D
  -------------------------------------------------------------------    -------------------

                         (clock clk_0 rise edge)     10.000    10.000 r  
    N14                                               0.000    10.000 r  clk (IN)
                         net (fo=0)                   0.000    10.000    clk
    N14                  IBUF (Prop_ibuf_I_O)         1.446    11.446 r  clk_IBUF_inst/O
                         net (fo=1, routed)           1.868    13.314    clk_IBUF
    BUFGCTRL_X0Y0        BUFG (Prop_bufg_I_O)         0.091    13.405 r  clk_IBUF_BUFG_inst/O
                         net (fo=14, routed)          1.517    14.922    myBlinker/CLK
    SLICE_X0Y39          FDRE                                         r  myBlinker/M_counter_q_reg[3]/C
                         clock pessimism              0.298    15.220    
                         clock uncertainty           -0.035    15.185    
    SLICE_X0Y39          FDRE (Setup_fdre_C_D)        0.062    15.247    myBlinker/M_counter_q_reg[3]
  -------------------------------------------------------------------
                         required time                         15.247    
                         arrival time                          -7.024    
  -------------------------------------------------------------------
                         slack                                  8.223    

Slack (MET) :             8.283ns  (required time - arrival time)
  Source:                 myBlinker/M_counter_q_reg[1]/C
                            (rising edge-triggered cell FDRE clocked by clk_0  {rise@0.000ns fall@5.000ns period=10.000ns})
  Destination:            myBlinker/M_counter_q_reg[2]/D
                            (rising edge-triggered cell FDRE clocked by clk_0  {rise@0.000ns fall@5.000ns period=10.000ns})
  Path Group:             clk_0
  Path Type:              Setup (Max at Slow Process Corner)
  Requirement:            10.000ns  (clk_0 rise@10.000ns - clk_0 rise@0.000ns)
  Data Path Delay:        1.743ns  (logic 1.160ns (66.537%)  route 0.583ns (33.463%))
  Logic Levels:           1  (CARRY4=1)
  Clock Path Skew:        0.000ns (DCD - SCD + CPR)
    Destination Clock Delay (DCD):    4.922ns = ( 14.922 - 10.000 ) 
    Source Clock Delay      (SCD):    5.220ns
    Clock Pessimism Removal (CPR):    0.298ns
  Clock Uncertainty:      0.035ns  ((TSJ^2 + TIJ^2)^1/2 + DJ) / 2 + PE
    Total System Jitter     (TSJ):    0.071ns
    Total Input Jitter      (TIJ):    0.000ns
    Discrete Jitter          (DJ):    0.000ns
    Phase Error              (PE):    0.000ns

    Location             Delay type                Incr(ns)  Path(ns)    Netlist Resource(s)
  -------------------------------------------------------------------    -------------------
                         (clock clk_0 rise edge)      0.000     0.000 r  
    N14                                               0.000     0.000 r  clk (IN)
                         net (fo=0)                   0.000     0.000    clk
    N14                  IBUF (Prop_ibuf_I_O)         1.517     1.517 r  clk_IBUF_inst/O
                         net (fo=1, routed)           1.972     3.488    clk_IBUF
    BUFGCTRL_X0Y0        BUFG (Prop_bufg_I_O)         0.096     3.584 r  clk_IBUF_BUFG_inst/O
                         net (fo=14, routed)          1.636     5.220    myBlinker/CLK
    SLICE_X0Y39          FDRE                                         r  myBlinker/M_counter_q_reg[1]/C
  -------------------------------------------------------------------    -------------------
    SLICE_X0Y39          FDRE (Prop_fdre_C_Q)         0.456     5.676 r  myBlinker/M_counter_q_reg[1]/Q
                         net (fo=1, routed)           0.583     6.260    myBlinker/M_counter_q_reg_n_0_[1]
    SLICE_X0Y39          CARRY4 (Prop_carry4_S[1]_O[2])
                                                      0.704     6.964 r  myBlinker/M_counter_q_reg[0]_i_1/O[2]
                         net (fo=1, routed)           0.000     6.964    myBlinker/M_counter_q_reg[0]_i_1_n_5
    SLICE_X0Y39          FDRE                                         r  myBlinker/M_counter_q_reg[2]/D
  -------------------------------------------------------------------    -------------------

                         (clock clk_0 rise edge)     10.000    10.000 r  
    N14                                               0.000    10.000 r  clk (IN)
                         net (fo=0)                   0.000    10.000    clk
    N14                  IBUF (Prop_ibuf_I_O)         1.446    11.446 r  clk_IBUF_inst/O
                         net (fo=1, routed)           1.868    13.314    clk_IBUF
    BUFGCTRL_X0Y0        BUFG (Prop_bufg_I_O)         0.091    13.405 r  clk_IBUF_BUFG_inst/O
                         net (fo=14, routed)          1.517    14.922    myBlinker/CLK
    SLICE_X0Y39          FDRE                                         r  myBlinker/M_counter_q_reg[2]/C
                         clock pessimism              0.298    15.220    
                         clock uncertainty           -0.035    15.185    
    SLICE_X0Y39          FDRE (Setup_fdre_C_D)        0.062    15.247    myBlinker/M_counter_q_reg[2]
  -------------------------------------------------------------------
                         required time                         15.247    
                         arrival time                          -6.964    
  -------------------------------------------------------------------
                         slack                                  8.283    

Slack (MET) :             8.362ns  (required time - arrival time)
  Source:                 reset_cond/M_stage_q_reg[3]/C
                            (rising edge-triggered cell FDSE clocked by clk_0  {rise@0.000ns fall@5.000ns period=10.000ns})
  Destination:            myBlinker/M_counter_q_reg[4]/R
                            (rising edge-triggered cell FDRE clocked by clk_0  {rise@0.000ns fall@5.000ns period=10.000ns})
  Path Group:             clk_0
  Path Type:              Setup (Max at Slow Process Corner)
  Requirement:            10.000ns  (clk_0 rise@10.000ns - clk_0 rise@0.000ns)
  Data Path Delay:        1.148ns  (logic 0.456ns (39.708%)  route 0.692ns (60.292%))
  Logic Levels:           0  
  Clock Path Skew:        -0.025ns (DCD - SCD + CPR)
    Destination Clock Delay (DCD):    4.922ns = ( 14.922 - 10.000 ) 
    Source Clock Delay      (SCD):    5.220ns
    Clock Pessimism Removal (CPR):    0.273ns
  Clock Uncertainty:      0.035ns  ((TSJ^2 + TIJ^2)^1/2 + DJ) / 2 + PE
    Total System Jitter     (TSJ):    0.071ns
    Total Input Jitter      (TIJ):    0.000ns
    Discrete Jitter          (DJ):    0.000ns
    Phase Error              (PE):    0.000ns

    Location             Delay type                Incr(ns)  Path(ns)    Netlist Resource(s)
  -------------------------------------------------------------------    -------------------
                         (clock clk_0 rise edge)      0.000     0.000 r  
    N14                                               0.000     0.000 r  clk (IN)
                         net (fo=0)                   0.000     0.000    clk
    N14                  IBUF (Prop_ibuf_I_O)         1.517     1.517 r  clk_IBUF_inst/O
                         net (fo=1, routed)           1.972     3.488    clk_IBUF
    BUFGCTRL_X0Y0        BUFG (Prop_bufg_I_O)         0.096     3.584 r  clk_IBUF_BUFG_inst/O
                         net (fo=14, routed)          1.636     5.220    reset_cond/clk
    SLICE_X1Y39          FDSE                                         r  reset_cond/M_stage_q_reg[3]/C
  -------------------------------------------------------------------    -------------------
    SLICE_X1Y39          FDSE (Prop_fdse_C_Q)         0.456     5.676 r  reset_cond/M_stage_q_reg[3]/Q
                         net (fo=10, routed)          0.692     6.369    myBlinker/Q[0]
    SLICE_X0Y40          FDRE                                         r  myBlinker/M_counter_q_reg[4]/R
  -------------------------------------------------------------------    -------------------

                         (clock clk_0 rise edge)     10.000    10.000 r  
    N14                                               0.000    10.000 r  clk (IN)
                         net (fo=0)                   0.000    10.000    clk
    N14                  IBUF (Prop_ibuf_I_O)         1.446    11.446 r  clk_IBUF_inst/O
                         net (fo=1, routed)           1.868    13.314    clk_IBUF
    BUFGCTRL_X0Y0        BUFG (Prop_bufg_I_O)         0.091    13.405 r  clk_IBUF_BUFG_inst/O
                         net (fo=14, routed)          1.517    14.922    myBlinker/CLK
    SLICE_X0Y40          FDRE                                         r  myBlinker/M_counter_q_reg[4]/C
                         clock pessimism              0.273    15.195    
                         clock uncertainty           -0.035    15.160    
    SLICE_X0Y40          FDRE (Setup_fdre_C_R)       -0.429    14.731    myBlinker/M_counter_q_reg[4]
  -------------------------------------------------------------------
                         required time                         14.731    
                         arrival time                          -6.369    
  -------------------------------------------------------------------
                         slack                                  8.362    

Slack (MET) :             8.362ns  (required time - arrival time)
  Source:                 reset_cond/M_stage_q_reg[3]/C
                            (rising edge-triggered cell FDSE clocked by clk_0  {rise@0.000ns fall@5.000ns period=10.000ns})
  Destination:            myBlinker/M_counter_q_reg[5]/R
                            (rising edge-triggered cell FDRE clocked by clk_0  {rise@0.000ns fall@5.000ns period=10.000ns})
  Path Group:             clk_0
  Path Type:              Setup (Max at Slow Process Corner)
  Requirement:            10.000ns  (clk_0 rise@10.000ns - clk_0 rise@0.000ns)
  Data Path Delay:        1.148ns  (logic 0.456ns (39.708%)  route 0.692ns (60.292%))
  Logic Levels:           0  
  Clock Path Skew:        -0.025ns (DCD - SCD + CPR)
    Destination Clock Delay (DCD):    4.922ns = ( 14.922 - 10.000 ) 
    Source Clock Delay      (SCD):    5.220ns
    Clock Pessimism Removal (CPR):    0.273ns
  Clock Uncertainty:      0.035ns  ((TSJ^2 + TIJ^2)^1/2 + DJ) / 2 + PE
    Total System Jitter     (TSJ):    0.071ns
    Total Input Jitter      (TIJ):    0.000ns
    Discrete Jitter          (DJ):    0.000ns
    Phase Error              (PE):    0.000ns

    Location             Delay type                Incr(ns)  Path(ns)    Netlist Resource(s)
  -------------------------------------------------------------------    -------------------
                         (clock clk_0 rise edge)      0.000     0.000 r  
    N14                                               0.000     0.000 r  clk (IN)
                         net (fo=0)                   0.000     0.000    clk
    N14                  IBUF (Prop_ibuf_I_O)         1.517     1.517 r  clk_IBUF_inst/O
                         net (fo=1, routed)           1.972     3.488    clk_IBUF
    BUFGCTRL_X0Y0        BUFG (Prop_bufg_I_O)         0.096     3.584 r  clk_IBUF_BUFG_inst/O
                         net (fo=14, routed)          1.636     5.220    reset_cond/clk
    SLICE_X1Y39          FDSE                                         r  reset_cond/M_stage_q_reg[3]/C
  -------------------------------------------------------------------    -------------------
    SLICE_X1Y39          FDSE (Prop_fdse_C_Q)         0.456     5.676 r  reset_cond/M_stage_q_reg[3]/Q
                         net (fo=10, routed)          0.692     6.369    myBlinker/Q[0]
    SLICE_X0Y40          FDRE                                         r  myBlinker/M_counter_q_reg[5]/R
  -------------------------------------------------------------------    -------------------

                         (clock clk_0 rise edge)     10.000    10.000 r  
    N14                                               0.000    10.000 r  clk (IN)
                         net (fo=0)                   0.000    10.000    clk
    N14                  IBUF (Prop_ibuf_I_O)         1.446    11.446 r  clk_IBUF_inst/O
                         net (fo=1, routed)           1.868    13.314    clk_IBUF
    BUFGCTRL_X0Y0        BUFG (Prop_bufg_I_O)         0.091    13.405 r  clk_IBUF_BUFG_inst/O
                         net (fo=14, routed)          1.517    14.922    myBlinker/CLK
    SLICE_X0Y40          FDRE                                         r  myBlinker/M_counter_q_reg[5]/C
                         clock pessimism              0.273    15.195    
                         clock uncertainty           -0.035    15.160    
    SLICE_X0Y40          FDRE (Setup_fdre_C_R)       -0.429    14.731    myBlinker/M_counter_q_reg[5]
  -------------------------------------------------------------------
                         required time                         14.731    
                         arrival time                          -6.369    
  -------------------------------------------------------------------
                         slack                                  8.362    





Min Delay Paths
--------------------------------------------------------------------------------------
Slack (MET) :             0.243ns  (arrival time - required time)
  Source:                 reset_cond/M_stage_q_reg[1]/C
                            (rising edge-triggered cell FDSE clocked by clk_0  {rise@0.000ns fall@5.000ns period=10.000ns})
  Destination:            reset_cond/M_stage_q_reg[2]/D
                            (rising edge-triggered cell FDSE clocked by clk_0  {rise@0.000ns fall@5.000ns period=10.000ns})
  Path Group:             clk_0
  Path Type:              Hold (Min at Fast Process Corner)
  Requirement:            0.000ns  (clk_0 rise@0.000ns - clk_0 rise@0.000ns)
  Data Path Delay:        0.313ns  (logic 0.141ns (45.034%)  route 0.172ns (54.966%))
  Logic Levels:           0  
  Clock Path Skew:        0.000ns (DCD - SCD - CPR)
    Destination Clock Delay (DCD):    2.051ns
    Source Clock Delay      (SCD):    1.535ns
    Clock Pessimism Removal (CPR):    0.516ns

    Location             Delay type                Incr(ns)  Path(ns)    Netlist Resource(s)
  -------------------------------------------------------------------    -------------------
                         (clock clk_0 rise edge)      0.000     0.000 r  
    N14                                               0.000     0.000 r  clk (IN)
                         net (fo=0)                   0.000     0.000    clk
    N14                  IBUF (Prop_ibuf_I_O)         0.284     0.284 r  clk_IBUF_inst/O
                         net (fo=1, routed)           0.634     0.918    clk_IBUF
    BUFGCTRL_X0Y0        BUFG (Prop_bufg_I_O)         0.026     0.944 r  clk_IBUF_BUFG_inst/O
                         net (fo=14, routed)          0.591     1.535    reset_cond/clk
    SLICE_X0Y35          FDSE                                         r  reset_cond/M_stage_q_reg[1]/C
  -------------------------------------------------------------------    -------------------
    SLICE_X0Y35          FDSE (Prop_fdse_C_Q)         0.141     1.676 r  reset_cond/M_stage_q_reg[1]/Q
                         net (fo=1, routed)           0.172     1.848    reset_cond/M_stage_d[2]
    SLICE_X0Y35          FDSE                                         r  reset_cond/M_stage_q_reg[2]/D
  -------------------------------------------------------------------    -------------------

                         (clock clk_0 rise edge)      0.000     0.000 r  
    N14                                               0.000     0.000 r  clk (IN)
                         net (fo=0)                   0.000     0.000    clk
    N14                  IBUF (Prop_ibuf_I_O)         0.472     0.472 r  clk_IBUF_inst/O
                         net (fo=1, routed)           0.689     1.161    clk_IBUF
    BUFGCTRL_X0Y0        BUFG (Prop_bufg_I_O)         0.029     1.190 r  clk_IBUF_BUFG_inst/O
                         net (fo=14, routed)          0.861     2.051    reset_cond/clk
    SLICE_X0Y35          FDSE                                         r  reset_cond/M_stage_q_reg[2]/C
                         clock pessimism             -0.516     1.535    
    SLICE_X0Y35          FDSE (Hold_fdse_C_D)         0.070     1.605    reset_cond/M_stage_q_reg[2]
  -------------------------------------------------------------------
                         required time                         -1.605    
                         arrival time                           1.848    
  -------------------------------------------------------------------
                         slack                                  0.243    

Slack (MET) :             0.268ns  (arrival time - required time)
  Source:                 myBlinker/M_counter_q_reg[6]/C
                            (rising edge-triggered cell FDRE clocked by clk_0  {rise@0.000ns fall@5.000ns period=10.000ns})
  Destination:            myBlinker/M_counter_q_reg[6]/D
                            (rising edge-triggered cell FDRE clocked by clk_0  {rise@0.000ns fall@5.000ns period=10.000ns})
  Path Group:             clk_0
  Path Type:              Hold (Min at Fast Process Corner)
  Requirement:            0.000ns  (clk_0 rise@0.000ns - clk_0 rise@0.000ns)
  Data Path Delay:        0.373ns  (logic 0.252ns (67.478%)  route 0.121ns (32.522%))
  Logic Levels:           1  (CARRY4=1)
  Clock Path Skew:        0.000ns (DCD - SCD - CPR)
    Destination Clock Delay (DCD):    2.055ns
    Source Clock Delay      (SCD):    1.538ns
    Clock Pessimism Removal (CPR):    0.517ns

    Location             Delay type                Incr(ns)  Path(ns)    Netlist Resource(s)
  -------------------------------------------------------------------    -------------------
                         (clock clk_0 rise edge)      0.000     0.000 r  
    N14                                               0.000     0.000 r  clk (IN)
                         net (fo=0)                   0.000     0.000    clk
    N14                  IBUF (Prop_ibuf_I_O)         0.284     0.284 r  clk_IBUF_inst/O
                         net (fo=1, routed)           0.634     0.918    clk_IBUF
    BUFGCTRL_X0Y0        BUFG (Prop_bufg_I_O)         0.026     0.944 r  clk_IBUF_BUFG_inst/O
                         net (fo=14, routed)          0.594     1.538    myBlinker/CLK
    SLICE_X0Y40          FDRE                                         r  myBlinker/M_counter_q_reg[6]/C
  -------------------------------------------------------------------    -------------------
    SLICE_X0Y40          FDRE (Prop_fdre_C_Q)         0.141     1.679 r  myBlinker/M_counter_q_reg[6]/Q
                         net (fo=1, routed)           0.121     1.800    myBlinker/M_counter_q_reg_n_0_[6]
    SLICE_X0Y40          CARRY4 (Prop_carry4_S[2]_O[2])
                                                      0.111     1.911 r  myBlinker/M_counter_q_reg[4]_i_1/O[2]
                         net (fo=1, routed)           0.000     1.911    myBlinker/M_counter_q_reg[4]_i_1_n_5
    SLICE_X0Y40          FDRE                                         r  myBlinker/M_counter_q_reg[6]/D
  -------------------------------------------------------------------    -------------------

                         (clock clk_0 rise edge)      0.000     0.000 r  
    N14                                               0.000     0.000 r  clk (IN)
                         net (fo=0)                   0.000     0.000    clk
    N14                  IBUF (Prop_ibuf_I_O)         0.472     0.472 r  clk_IBUF_inst/O
                         net (fo=1, routed)           0.689     1.161    clk_IBUF
    BUFGCTRL_X0Y0        BUFG (Prop_bufg_I_O)         0.029     1.190 r  clk_IBUF_BUFG_inst/O
                         net (fo=14, routed)          0.865     2.055    myBlinker/CLK
    SLICE_X0Y40          FDRE                                         r  myBlinker/M_counter_q_reg[6]/C
                         clock pessimism             -0.517     1.538    
    SLICE_X0Y40          FDRE (Hold_fdre_C_D)         0.105     1.643    myBlinker/M_counter_q_reg[6]
  -------------------------------------------------------------------
                         required time                         -1.643    
                         arrival time                           1.911    
  -------------------------------------------------------------------
                         slack                                  0.268    

Slack (MET) :             0.268ns  (arrival time - required time)
  Source:                 myBlinker/M_counter_q_reg[2]/C
                            (rising edge-triggered cell FDRE clocked by clk_0  {rise@0.000ns fall@5.000ns period=10.000ns})
  Destination:            myBlinker/M_counter_q_reg[2]/D
                            (rising edge-triggered cell FDRE clocked by clk_0  {rise@0.000ns fall@5.000ns period=10.000ns})
  Path Group:             clk_0
  Path Type:              Hold (Min at Fast Process Corner)
  Requirement:            0.000ns  (clk_0 rise@0.000ns - clk_0 rise@0.000ns)
  Data Path Delay:        0.373ns  (logic 0.252ns (67.478%)  route 0.121ns (32.522%))
  Logic Levels:           1  (CARRY4=1)
  Clock Path Skew:        0.000ns (DCD - SCD - CPR)
    Destination Clock Delay (DCD):    2.054ns
    Source Clock Delay      (SCD):    1.537ns
    Clock Pessimism Removal (CPR):    0.517ns

    Location             Delay type                Incr(ns)  Path(ns)    Netlist Resource(s)
  -------------------------------------------------------------------    -------------------
                         (clock clk_0 rise edge)      0.000     0.000 r  
    N14                                               0.000     0.000 r  clk (IN)
                         net (fo=0)                   0.000     0.000    clk
    N14                  IBUF (Prop_ibuf_I_O)         0.284     0.284 r  clk_IBUF_inst/O
                         net (fo=1, routed)           0.634     0.918    clk_IBUF
    BUFGCTRL_X0Y0        BUFG (Prop_bufg_I_O)         0.026     0.944 r  clk_IBUF_BUFG_inst/O
                         net (fo=14, routed)          0.593     1.537    myBlinker/CLK
    SLICE_X0Y39          FDRE                                         r  myBlinker/M_counter_q_reg[2]/C
  -------------------------------------------------------------------    -------------------
    SLICE_X0Y39          FDRE (Prop_fdre_C_Q)         0.141     1.678 r  myBlinker/M_counter_q_reg[2]/Q
                         net (fo=1, routed)           0.121     1.799    myBlinker/M_counter_q_reg_n_0_[2]
    SLICE_X0Y39          CARRY4 (Prop_carry4_S[2]_O[2])
                                                      0.111     1.910 r  myBlinker/M_counter_q_reg[0]_i_1/O[2]
                         net (fo=1, routed)           0.000     1.910    myBlinker/M_counter_q_reg[0]_i_1_n_5
    SLICE_X0Y39          FDRE                                         r  myBlinker/M_counter_q_reg[2]/D
  -------------------------------------------------------------------    -------------------

                         (clock clk_0 rise edge)      0.000     0.000 r  
    N14                                               0.000     0.000 r  clk (IN)
                         net (fo=0)                   0.000     0.000    clk
    N14                  IBUF (Prop_ibuf_I_O)         0.472     0.472 r  clk_IBUF_inst/O
                         net (fo=1, routed)           0.689     1.161    clk_IBUF
    BUFGCTRL_X0Y0        BUFG (Prop_bufg_I_O)         0.029     1.190 r  clk_IBUF_BUFG_inst/O
                         net (fo=14, routed)          0.864     2.054    myBlinker/CLK
    SLICE_X0Y39          FDRE                                         r  myBlinker/M_counter_q_reg[2]/C
                         clock pessimism             -0.517     1.537    
    SLICE_X0Y39          FDRE (Hold_fdre_C_D)         0.105     1.642    myBlinker/M_counter_q_reg[2]
  -------------------------------------------------------------------
                         required time                         -1.642    
                         arrival time                           1.910    
  -------------------------------------------------------------------
                         slack                                  0.268    

Slack (MET) :             0.280ns  (arrival time - required time)
  Source:                 reset_cond/M_stage_q_reg[2]/C
                            (rising edge-triggered cell FDSE clocked by clk_0  {rise@0.000ns fall@5.000ns period=10.000ns})
  Destination:            reset_cond/M_stage_q_reg[3]/D
                            (rising edge-triggered cell FDSE clocked by clk_0  {rise@0.000ns fall@5.000ns period=10.000ns})
  Path Group:             clk_0
  Path Type:              Hold (Min at Fast Process Corner)
  Requirement:            0.000ns  (clk_0 rise@0.000ns - clk_0 rise@0.000ns)
  Data Path Delay:        0.368ns  (logic 0.141ns (38.329%)  route 0.227ns (61.671%))
  Logic Levels:           0  
  Clock Path Skew:        0.018ns (DCD - SCD - CPR)
    Destination Clock Delay (DCD):    2.054ns
    Source Clock Delay      (SCD):    1.535ns
    Clock Pessimism Removal (CPR):    0.501ns

    Location             Delay type                Incr(ns)  Path(ns)    Netlist Resource(s)
  -------------------------------------------------------------------    -------------------
                         (clock clk_0 rise edge)      0.000     0.000 r  
    N14                                               0.000     0.000 r  clk (IN)
                         net (fo=0)                   0.000     0.000    clk
    N14                  IBUF (Prop_ibuf_I_O)         0.284     0.284 r  clk_IBUF_inst/O
                         net (fo=1, routed)           0.634     0.918    clk_IBUF
    BUFGCTRL_X0Y0        BUFG (Prop_bufg_I_O)         0.026     0.944 r  clk_IBUF_BUFG_inst/O
                         net (fo=14, routed)          0.591     1.535    reset_cond/clk
    SLICE_X0Y35          FDSE                                         r  reset_cond/M_stage_q_reg[2]/C
  -------------------------------------------------------------------    -------------------
    SLICE_X0Y35          FDSE (Prop_fdse_C_Q)         0.141     1.676 r  reset_cond/M_stage_q_reg[2]/Q
                         net (fo=1, routed)           0.227     1.903    reset_cond/M_stage_d[3]
    SLICE_X1Y39          FDSE                                         r  reset_cond/M_stage_q_reg[3]/D
  -------------------------------------------------------------------    -------------------

                         (clock clk_0 rise edge)      0.000     0.000 r  
    N14                                               0.000     0.000 r  clk (IN)
                         net (fo=0)                   0.000     0.000    clk
    N14                  IBUF (Prop_ibuf_I_O)         0.472     0.472 r  clk_IBUF_inst/O
                         net (fo=1, routed)           0.689     1.161    clk_IBUF
    BUFGCTRL_X0Y0        BUFG (Prop_bufg_I_O)         0.029     1.190 r  clk_IBUF_BUFG_inst/O
                         net (fo=14, routed)          0.864     2.054    reset_cond/clk
    SLICE_X1Y39          FDSE                                         r  reset_cond/M_stage_q_reg[3]/C
                         clock pessimism             -0.501     1.553    
    SLICE_X1Y39          FDSE (Hold_fdse_C_D)         0.070     1.623    reset_cond/M_stage_q_reg[3]
  -------------------------------------------------------------------
                         required time                         -1.623    
                         arrival time                           1.903    
  -------------------------------------------------------------------
                         slack                                  0.280    

Slack (MET) :             0.301ns  (arrival time - required time)
  Source:                 myBlinker/M_counter_q_reg[2]/C
                            (rising edge-triggered cell FDRE clocked by clk_0  {rise@0.000ns fall@5.000ns period=10.000ns})
  Destination:            myBlinker/M_counter_q_reg[3]/D
                            (rising edge-triggered cell FDRE clocked by clk_0  {rise@0.000ns fall@5.000ns period=10.000ns})
  Path Group:             clk_0
  Path Type:              Hold (Min at Fast Process Corner)
  Requirement:            0.000ns  (clk_0 rise@0.000ns - clk_0 rise@0.000ns)
  Data Path Delay:        0.406ns  (logic 0.285ns (70.118%)  route 0.121ns (29.882%))
  Logic Levels:           1  (CARRY4=1)
  Clock Path Skew:        0.000ns (DCD - SCD - CPR)
    Destination Clock Delay (DCD):    2.054ns
    Source Clock Delay      (SCD):    1.537ns
    Clock Pessimism Removal (CPR):    0.517ns

    Location             Delay type                Incr(ns)  Path(ns)    Netlist Resource(s)
  -------------------------------------------------------------------    -------------------
                         (clock clk_0 rise edge)      0.000     0.000 r  
    N14                                               0.000     0.000 r  clk (IN)
                         net (fo=0)                   0.000     0.000    clk
    N14                  IBUF (Prop_ibuf_I_O)         0.284     0.284 r  clk_IBUF_inst/O
                         net (fo=1, routed)           0.634     0.918    clk_IBUF
    BUFGCTRL_X0Y0        BUFG (Prop_bufg_I_O)         0.026     0.944 r  clk_IBUF_BUFG_inst/O
                         net (fo=14, routed)          0.593     1.537    myBlinker/CLK
    SLICE_X0Y39          FDRE                                         r  myBlinker/M_counter_q_reg[2]/C
  -------------------------------------------------------------------    -------------------
    SLICE_X0Y39          FDRE (Prop_fdre_C_Q)         0.141     1.678 r  myBlinker/M_counter_q_reg[2]/Q
                         net (fo=1, routed)           0.121     1.799    myBlinker/M_counter_q_reg_n_0_[2]
    SLICE_X0Y39          CARRY4 (Prop_carry4_S[2]_O[3])
                                                      0.144     1.943 r  myBlinker/M_counter_q_reg[0]_i_1/O[3]
                         net (fo=1, routed)           0.000     1.943    myBlinker/M_counter_q_reg[0]_i_1_n_4
    SLICE_X0Y39          FDRE                                         r  myBlinker/M_counter_q_reg[3]/D
  -------------------------------------------------------------------    -------------------

                         (clock clk_0 rise edge)      0.000     0.000 r  
    N14                                               0.000     0.000 r  clk (IN)
                         net (fo=0)                   0.000     0.000    clk
    N14                  IBUF (Prop_ibuf_I_O)         0.472     0.472 r  clk_IBUF_inst/O
                         net (fo=1, routed)           0.689     1.161    clk_IBUF
    BUFGCTRL_X0Y0        BUFG (Prop_bufg_I_O)         0.029     1.190 r  clk_IBUF_BUFG_inst/O
                         net (fo=14, routed)          0.864     2.054    myBlinker/CLK
    SLICE_X0Y39          FDRE                                         r  myBlinker/M_counter_q_reg[3]/C
                         clock pessimism             -0.517     1.537    
    SLICE_X0Y39          FDRE (Hold_fdre_C_D)         0.105     1.642    myBlinker/M_counter_q_reg[3]
  -------------------------------------------------------------------
                         required time                         -1.642    
                         arrival time                           1.943    
  -------------------------------------------------------------------
                         slack                                  0.301    

Slack (MET) :             0.301ns  (arrival time - required time)
  Source:                 myBlinker/M_counter_q_reg[6]/C
                            (rising edge-triggered cell FDRE clocked by clk_0  {rise@0.000ns fall@5.000ns period=10.000ns})
  Destination:            myBlinker/M_counter_q_reg[7]/D
                            (rising edge-triggered cell FDRE clocked by clk_0  {rise@0.000ns fall@5.000ns period=10.000ns})
  Path Group:             clk_0
  Path Type:              Hold (Min at Fast Process Corner)
  Requirement:            0.000ns  (clk_0 rise@0.000ns - clk_0 rise@0.000ns)
  Data Path Delay:        0.406ns  (logic 0.285ns (70.118%)  route 0.121ns (29.882%))
  Logic Levels:           1  (CARRY4=1)
  Clock Path Skew:        0.000ns (DCD - SCD - CPR)
    Destination Clock Delay (DCD):    2.055ns
    Source Clock Delay      (SCD):    1.538ns
    Clock Pessimism Removal (CPR):    0.517ns

    Location             Delay type                Incr(ns)  Path(ns)    Netlist Resource(s)
  -------------------------------------------------------------------    -------------------
                         (clock clk_0 rise edge)      0.000     0.000 r  
    N14                                               0.000     0.000 r  clk (IN)
                         net (fo=0)                   0.000     0.000    clk
    N14                  IBUF (Prop_ibuf_I_O)         0.284     0.284 r  clk_IBUF_inst/O
                         net (fo=1, routed)           0.634     0.918    clk_IBUF
    BUFGCTRL_X0Y0        BUFG (Prop_bufg_I_O)         0.026     0.944 r  clk_IBUF_BUFG_inst/O
                         net (fo=14, routed)          0.594     1.538    myBlinker/CLK
    SLICE_X0Y40          FDRE                                         r  myBlinker/M_counter_q_reg[6]/C
  -------------------------------------------------------------------    -------------------
    SLICE_X0Y40          FDRE (Prop_fdre_C_Q)         0.141     1.679 r  myBlinker/M_counter_q_reg[6]/Q
                         net (fo=1, routed)           0.121     1.800    myBlinker/M_counter_q_reg_n_0_[6]
    SLICE_X0Y40          CARRY4 (Prop_carry4_S[2]_O[3])
                                                      0.144     1.944 r  myBlinker/M_counter_q_reg[4]_i_1/O[3]
                         net (fo=1, routed)           0.000     1.944    myBlinker/M_counter_q_reg[4]_i_1_n_4
    SLICE_X0Y40          FDRE                                         r  myBlinker/M_counter_q_reg[7]/D
  -------------------------------------------------------------------    -------------------

                         (clock clk_0 rise edge)      0.000     0.000 r  
    N14                                               0.000     0.000 r  clk (IN)
                         net (fo=0)                   0.000     0.000    clk
    N14                  IBUF (Prop_ibuf_I_O)         0.472     0.472 r  clk_IBUF_inst/O
                         net (fo=1, routed)           0.689     1.161    clk_IBUF
    BUFGCTRL_X0Y0        BUFG (Prop_bufg_I_O)         0.029     1.190 r  clk_IBUF_BUFG_inst/O
                         net (fo=14, routed)          0.865     2.055    myBlinker/CLK
    SLICE_X0Y40          FDRE                                         r  myBlinker/M_counter_q_reg[7]/C
                         clock pessimism             -0.517     1.538    
    SLICE_X0Y40          FDRE (Hold_fdre_C_D)         0.105     1.643    myBlinker/M_counter_q_reg[7]
  -------------------------------------------------------------------
                         required time                         -1.643    
                         arrival time                           1.944    
  -------------------------------------------------------------------
                         slack                                  0.301    

Slack (MET) :             0.324ns  (arrival time - required time)
  Source:                 myBlinker/M_counter_q_reg[0]/C
                            (rising edge-triggered cell FDRE clocked by clk_0  {rise@0.000ns fall@5.000ns period=10.000ns})
  Destination:            myBlinker/M_counter_q_reg[0]/D
                            (rising edge-triggered cell FDRE clocked by clk_0  {rise@0.000ns fall@5.000ns period=10.000ns})
  Path Group:             clk_0
  Path Type:              Hold (Min at Fast Process Corner)
  Requirement:            0.000ns  (clk_0 rise@0.000ns - clk_0 rise@0.000ns)
  Data Path Delay:        0.429ns  (logic 0.256ns (59.730%)  route 0.173ns (40.270%))
  Logic Levels:           2  (CARRY4=1 LUT1=1)
  Clock Path Skew:        0.000ns (DCD - SCD - CPR)
    Destination Clock Delay (DCD):    2.054ns
    Source Clock Delay      (SCD):    1.537ns
    Clock Pessimism Removal (CPR):    0.517ns

    Location             Delay type                Incr(ns)  Path(ns)    Netlist Resource(s)
  -------------------------------------------------------------------    -------------------
                         (clock clk_0 rise edge)      0.000     0.000 r  
    N14                                               0.000     0.000 r  clk (IN)
                         net (fo=0)                   0.000     0.000    clk
    N14                  IBUF (Prop_ibuf_I_O)         0.284     0.284 r  clk_IBUF_inst/O
                         net (fo=1, routed)           0.634     0.918    clk_IBUF
    BUFGCTRL_X0Y0        BUFG (Prop_bufg_I_O)         0.026     0.944 r  clk_IBUF_BUFG_inst/O
                         net (fo=14, routed)          0.593     1.537    myBlinker/CLK
    SLICE_X0Y39          FDRE                                         r  myBlinker/M_counter_q_reg[0]/C
  -------------------------------------------------------------------    -------------------
    SLICE_X0Y39          FDRE (Prop_fdre_C_Q)         0.141     1.678 f  myBlinker/M_counter_q_reg[0]/Q
                         net (fo=1, routed)           0.173     1.850    myBlinker/M_counter_q_reg_n_0_[0]
    SLICE_X0Y39          LUT1 (Prop_lut1_I0_O)        0.045     1.895 r  myBlinker/M_counter_q[0]_i_2/O
                         net (fo=1, routed)           0.000     1.895    myBlinker/M_counter_q[0]_i_2_n_0
    SLICE_X0Y39          CARRY4 (Prop_carry4_S[0]_O[0])
                                                      0.070     1.965 r  myBlinker/M_counter_q_reg[0]_i_1/O[0]
                         net (fo=1, routed)           0.000     1.965    myBlinker/M_counter_q_reg[0]_i_1_n_7
    SLICE_X0Y39          FDRE                                         r  myBlinker/M_counter_q_reg[0]/D
  -------------------------------------------------------------------    -------------------

                         (clock clk_0 rise edge)      0.000     0.000 r  
    N14                                               0.000     0.000 r  clk (IN)
                         net (fo=0)                   0.000     0.000    clk
    N14                  IBUF (Prop_ibuf_I_O)         0.472     0.472 r  clk_IBUF_inst/O
                         net (fo=1, routed)           0.689     1.161    clk_IBUF
    BUFGCTRL_X0Y0        BUFG (Prop_bufg_I_O)         0.029     1.190 r  clk_IBUF_BUFG_inst/O
                         net (fo=14, routed)          0.864     2.054    myBlinker/CLK
    SLICE_X0Y39          FDRE                                         r  myBlinker/M_counter_q_reg[0]/C
                         clock pessimism             -0.517     1.537    
    SLICE_X0Y39          FDRE (Hold_fdre_C_D)         0.105     1.642    myBlinker/M_counter_q_reg[0]
  -------------------------------------------------------------------
                         required time                         -1.642    
                         arrival time                           1.965    
  -------------------------------------------------------------------
                         slack                                  0.324    

Slack (MET) :             0.326ns  (arrival time - required time)
  Source:                 myBlinker/M_counter_q_reg[5]/C
                            (rising edge-triggered cell FDRE clocked by clk_0  {rise@0.000ns fall@5.000ns period=10.000ns})
  Destination:            myBlinker/M_counter_q_reg[5]/D
                            (rising edge-triggered cell FDRE clocked by clk_0  {rise@0.000ns fall@5.000ns period=10.000ns})
  Path Group:             clk_0
  Path Type:              Hold (Min at Fast Process Corner)
  Requirement:            0.000ns  (clk_0 rise@0.000ns - clk_0 rise@0.000ns)
  Data Path Delay:        0.431ns  (logic 0.251ns (58.256%)  route 0.180ns (41.744%))
  Logic Levels:           1  (CARRY4=1)
  Clock Path Skew:        0.000ns (DCD - SCD - CPR)
    Destination Clock Delay (DCD):    2.055ns
    Source Clock Delay      (SCD):    1.538ns
    Clock Pessimism Removal (CPR):    0.517ns

    Location             Delay type                Incr(ns)  Path(ns)    Netlist Resource(s)
  -------------------------------------------------------------------    -------------------
                         (clock clk_0 rise edge)      0.000     0.000 r  
    N14                                               0.000     0.000 r  clk (IN)
                         net (fo=0)                   0.000     0.000    clk
    N14                  IBUF (Prop_ibuf_I_O)         0.284     0.284 r  clk_IBUF_inst/O
                         net (fo=1, routed)           0.634     0.918    clk_IBUF
    BUFGCTRL_X0Y0        BUFG (Prop_bufg_I_O)         0.026     0.944 r  clk_IBUF_BUFG_inst/O
                         net (fo=14, routed)          0.594     1.538    myBlinker/CLK
    SLICE_X0Y40          FDRE                                         r  myBlinker/M_counter_q_reg[5]/C
  -------------------------------------------------------------------    -------------------
    SLICE_X0Y40          FDRE (Prop_fdre_C_Q)         0.141     1.679 r  myBlinker/M_counter_q_reg[5]/Q
                         net (fo=1, routed)           0.180     1.859    myBlinker/M_counter_q_reg_n_0_[5]
    SLICE_X0Y40          CARRY4 (Prop_carry4_S[1]_O[1])
                                                      0.110     1.969 r  myBlinker/M_counter_q_reg[4]_i_1/O[1]
                         net (fo=1, routed)           0.000     1.969    myBlinker/M_counter_q_reg[4]_i_1_n_6
    SLICE_X0Y40          FDRE                                         r  myBlinker/M_counter_q_reg[5]/D
  -------------------------------------------------------------------    -------------------

                         (clock clk_0 rise edge)      0.000     0.000 r  
    N14                                               0.000     0.000 r  clk (IN)
                         net (fo=0)                   0.000     0.000    clk
    N14                  IBUF (Prop_ibuf_I_O)         0.472     0.472 r  clk_IBUF_inst/O
                         net (fo=1, routed)           0.689     1.161    clk_IBUF
    BUFGCTRL_X0Y0        BUFG (Prop_bufg_I_O)         0.029     1.190 r  clk_IBUF_BUFG_inst/O
                         net (fo=14, routed)          0.865     2.055    myBlinker/CLK
    SLICE_X0Y40          FDRE                                         r  myBlinker/M_counter_q_reg[5]/C
                         clock pessimism             -0.517     1.538    
    SLICE_X0Y40          FDRE (Hold_fdre_C_D)         0.105     1.643    myBlinker/M_counter_q_reg[5]
  -------------------------------------------------------------------
                         required time                         -1.643    
                         arrival time                           1.969    
  -------------------------------------------------------------------
                         slack                                  0.326    

Slack (MET) :             0.327ns  (arrival time - required time)
  Source:                 myBlinker/M_counter_q_reg[8]/C
                            (rising edge-triggered cell FDRE clocked by clk_0  {rise@0.000ns fall@5.000ns period=10.000ns})
  Destination:            myBlinker/M_counter_q_reg[8]/D
                            (rising edge-triggered cell FDRE clocked by clk_0  {rise@0.000ns fall@5.000ns period=10.000ns})
  Path Group:             clk_0
  Path Type:              Hold (Min at Fast Process Corner)
  Requirement:            0.000ns  (clk_0 rise@0.000ns - clk_0 rise@0.000ns)
  Data Path Delay:        0.432ns  (logic 0.256ns (59.199%)  route 0.176ns (40.801%))
  Logic Levels:           1  (CARRY4=1)
  Clock Path Skew:        0.000ns (DCD - SCD - CPR)
    Destination Clock Delay (DCD):    2.055ns
    Source Clock Delay      (SCD):    1.538ns
    Clock Pessimism Removal (CPR):    0.517ns

    Location             Delay type                Incr(ns)  Path(ns)    Netlist Resource(s)
  -------------------------------------------------------------------    -------------------
                         (clock clk_0 rise edge)      0.000     0.000 r  
    N14                                               0.000     0.000 r  clk (IN)
                         net (fo=0)                   0.000     0.000    clk
    N14                  IBUF (Prop_ibuf_I_O)         0.284     0.284 r  clk_IBUF_inst/O
                         net (fo=1, routed)           0.634     0.918    clk_IBUF
    BUFGCTRL_X0Y0        BUFG (Prop_bufg_I_O)         0.026     0.944 r  clk_IBUF_BUFG_inst/O
                         net (fo=14, routed)          0.594     1.538    myBlinker/CLK
    SLICE_X0Y41          FDRE                                         r  myBlinker/M_counter_q_reg[8]/C
  -------------------------------------------------------------------    -------------------
    SLICE_X0Y41          FDRE (Prop_fdre_C_Q)         0.141     1.679 r  myBlinker/M_counter_q_reg[8]/Q
                         net (fo=1, routed)           0.176     1.855    myBlinker/M_counter_q_reg_n_0_[8]
    SLICE_X0Y41          CARRY4 (Prop_carry4_S[0]_O[0])
                                                      0.115     1.970 r  myBlinker/M_counter_q_reg[8]_i_1/O[0]
                         net (fo=1, routed)           0.000     1.970    myBlinker/M_counter_q_reg[8]_i_1_n_7
    SLICE_X0Y41          FDRE                                         r  myBlinker/M_counter_q_reg[8]/D
  -------------------------------------------------------------------    -------------------

                         (clock clk_0 rise edge)      0.000     0.000 r  
    N14                                               0.000     0.000 r  clk (IN)
                         net (fo=0)                   0.000     0.000    clk
    N14                  IBUF (Prop_ibuf_I_O)         0.472     0.472 r  clk_IBUF_inst/O
                         net (fo=1, routed)           0.689     1.161    clk_IBUF
    BUFGCTRL_X0Y0        BUFG (Prop_bufg_I_O)         0.029     1.190 r  clk_IBUF_BUFG_inst/O
                         net (fo=14, routed)          0.865     2.055    myBlinker/CLK
    SLICE_X0Y41          FDRE                                         r  myBlinker/M_counter_q_reg[8]/C
                         clock pessimism             -0.517     1.538    
    SLICE_X0Y41          FDRE (Hold_fdre_C_D)         0.105     1.643    myBlinker/M_counter_q_reg[8]
  -------------------------------------------------------------------
                         required time                         -1.643    
                         arrival time                           1.970    
  -------------------------------------------------------------------
                         slack                                  0.327    

Slack (MET) :             0.344ns  (arrival time - required time)
  Source:                 reset_cond/M_stage_q_reg[3]/C
                            (rising edge-triggered cell FDSE clocked by clk_0  {rise@0.000ns fall@5.000ns period=10.000ns})
  Destination:            myBlinker/M_counter_q_reg[0]/R
                            (rising edge-triggered cell FDRE clocked by clk_0  {rise@0.000ns fall@5.000ns period=10.000ns})
  Path Group:             clk_0
  Path Type:              Hold (Min at Fast Process Corner)
  Requirement:            0.000ns  (clk_0 rise@0.000ns - clk_0 rise@0.000ns)
  Data Path Delay:        0.339ns  (logic 0.141ns (41.651%)  route 0.198ns (58.349%))
  Logic Levels:           0  
  Clock Path Skew:        0.013ns (DCD - SCD - CPR)
    Destination Clock Delay (DCD):    2.054ns
    Source Clock Delay      (SCD):    1.537ns
    Clock Pessimism Removal (CPR):    0.504ns

    Location             Delay type                Incr(ns)  Path(ns)    Netlist Resource(s)
  -------------------------------------------------------------------    -------------------
                         (clock clk_0 rise edge)      0.000     0.000 r  
    N14                                               0.000     0.000 r  clk (IN)
                         net (fo=0)                   0.000     0.000    clk
    N14                  IBUF (Prop_ibuf_I_O)         0.284     0.284 r  clk_IBUF_inst/O
                         net (fo=1, routed)           0.634     0.918    clk_IBUF
    BUFGCTRL_X0Y0        BUFG (Prop_bufg_I_O)         0.026     0.944 r  clk_IBUF_BUFG_inst/O
                         net (fo=14, routed)          0.593     1.537    reset_cond/clk
    SLICE_X1Y39          FDSE                                         r  reset_cond/M_stage_q_reg[3]/C
  -------------------------------------------------------------------    -------------------
    SLICE_X1Y39          FDSE (Prop_fdse_C_Q)         0.141     1.678 r  reset_cond/M_stage_q_reg[3]/Q
                         net (fo=10, routed)          0.198     1.875    myBlinker/Q[0]
    SLICE_X0Y39          FDRE                                         r  myBlinker/M_counter_q_reg[0]/R
  -------------------------------------------------------------------    -------------------

                         (clock clk_0 rise edge)      0.000     0.000 r  
    N14                                               0.000     0.000 r  clk (IN)
                         net (fo=0)                   0.000     0.000    clk
    N14                  IBUF (Prop_ibuf_I_O)         0.472     0.472 r  clk_IBUF_inst/O
                         net (fo=1, routed)           0.689     1.161    clk_IBUF
    BUFGCTRL_X0Y0        BUFG (Prop_bufg_I_O)         0.029     1.190 r  clk_IBUF_BUFG_inst/O
                         net (fo=14, routed)          0.864     2.054    myBlinker/CLK
    SLICE_X0Y39          FDRE                                         r  myBlinker/M_counter_q_reg[0]/C
                         clock pessimism             -0.504     1.550    
    SLICE_X0Y39          FDRE (Hold_fdre_C_R)        -0.018     1.532    myBlinker/M_counter_q_reg[0]
  -------------------------------------------------------------------
                         required time                         -1.532    
                         arrival time                           1.875    
  -------------------------------------------------------------------
                         slack                                  0.344    





Pulse Width Checks
--------------------------------------------------------------------------------------
Clock Name:         clk_0
Waveform(ns):       { 0.000 5.000 }
Period(ns):         10.000
Sources:            { clk }

Check Type        Corner  Lib Pin  Reference Pin  Required(ns)  Actual(ns)  Slack(ns)  Location       Pin
Min Period        n/a     BUFG/I   n/a            2.155         10.000      7.845      BUFGCTRL_X0Y0  clk_IBUF_BUFG_inst/I
Min Period        n/a     FDRE/C   n/a            1.000         10.000      9.000      SLICE_X0Y39    myBlinker/M_counter_q_reg[0]/C
Min Period        n/a     FDRE/C   n/a            1.000         10.000      9.000      SLICE_X0Y39    myBlinker/M_counter_q_reg[1]/C
Min Period        n/a     FDRE/C   n/a            1.000         10.000      9.000      SLICE_X0Y39    myBlinker/M_counter_q_reg[2]/C
Min Period        n/a     FDRE/C   n/a            1.000         10.000      9.000      SLICE_X0Y39    myBlinker/M_counter_q_reg[3]/C
Min Period        n/a     FDRE/C   n/a            1.000         10.000      9.000      SLICE_X0Y40    myBlinker/M_counter_q_reg[4]/C
Min Period        n/a     FDRE/C   n/a            1.000         10.000      9.000      SLICE_X0Y40    myBlinker/M_counter_q_reg[5]/C
Min Period        n/a     FDRE/C   n/a            1.000         10.000      9.000      SLICE_X0Y40    myBlinker/M_counter_q_reg[6]/C
Min Period        n/a     FDRE/C   n/a            1.000         10.000      9.000      SLICE_X0Y40    myBlinker/M_counter_q_reg[7]/C
Min Period        n/a     FDRE/C   n/a            1.000         10.000      9.000      SLICE_X0Y41    myBlinker/M_counter_q_reg[8]/C
Low Pulse Width   Fast    FDSE/C   n/a            0.500         5.000       4.500      SLICE_X0Y35    reset_cond/M_stage_q_reg[0]/C
Low Pulse Width   Fast    FDSE/C   n/a            0.500         5.000       4.500      SLICE_X0Y35    reset_cond/M_stage_q_reg[1]/C
Low Pulse Width   Fast    FDSE/C   n/a            0.500         5.000       4.500      SLICE_X0Y35    reset_cond/M_stage_q_reg[2]/C
Low Pulse Width   Fast    FDRE/C   n/a            0.500         5.000       4.500      SLICE_X0Y40    myBlinker/M_counter_q_reg[4]/C
Low Pulse Width   Fast    FDRE/C   n/a            0.500         5.000       4.500      SLICE_X0Y40    myBlinker/M_counter_q_reg[5]/C
Low Pulse Width   Fast    FDRE/C   n/a            0.500         5.000       4.500      SLICE_X0Y40    myBlinker/M_counter_q_reg[6]/C
Low Pulse Width   Fast    FDRE/C   n/a            0.500         5.000       4.500      SLICE_X0Y40    myBlinker/M_counter_q_reg[7]/C
Low Pulse Width   Fast    FDRE/C   n/a            0.500         5.000       4.500      SLICE_X0Y41    myBlinker/M_counter_q_reg[8]/C
Low Pulse Width   Fast    FDRE/C   n/a            0.500         5.000       4.500      SLICE_X0Y41    myBlinker/M_counter_q_reg[9]/C
Low Pulse Width   Slow    FDRE/C   n/a            0.500         5.000       4.500      SLICE_X0Y39    myBlinker/M_counter_q_reg[0]/C
High Pulse Width  Slow    FDSE/C   n/a            0.500         5.000       4.500      SLICE_X0Y35    reset_cond/M_stage_q_reg[0]/C
High Pulse Width  Slow    FDSE/C   n/a            0.500         5.000       4.500      SLICE_X0Y35    reset_cond/M_stage_q_reg[1]/C
High Pulse Width  Slow    FDSE/C   n/a            0.500         5.000       4.500      SLICE_X0Y35    reset_cond/M_stage_q_reg[2]/C
High Pulse Width  Slow    FDRE/C   n/a            0.500         5.000       4.500      SLICE_X0Y39    myBlinker/M_counter_q_reg[0]/C
High Pulse Width  Slow    FDRE/C   n/a            0.500         5.000       4.500      SLICE_X0Y39    myBlinker/M_counter_q_reg[1]/C
High Pulse Width  Slow    FDRE/C   n/a            0.500         5.000       4.500      SLICE_X0Y39    myBlinker/M_counter_q_reg[2]/C
High Pulse Width  Slow    FDRE/C   n/a            0.500         5.000       4.500      SLICE_X0Y39    myBlinker/M_counter_q_reg[3]/C
High Pulse Width  Slow    FDRE/C   n/a            0.500         5.000       4.500      SLICE_X0Y40    myBlinker/M_counter_q_reg[4]/C
High Pulse Width  Slow    FDRE/C   n/a            0.500         5.000       4.500      SLICE_X0Y40    myBlinker/M_counter_q_reg[5]/C
High Pulse Width  Slow    FDRE/C   n/a            0.500         5.000       4.500      SLICE_X0Y40    myBlinker/M_counter_q_reg[6]/C



