Copyright 1986-2018 Xilinx, Inc. All Rights Reserved.
-----------------------------------------------------------------------------------------------------------------------------------------------------------------------------------------------
| Tool Version : Vivado v.2018.3 (win64) Build 2405991 Thu Dec  6 23:38:27 MST 2018
| Date         : Wed Jan 12 21:29:56 2022
| Host         : DESKTOP-CQEO6G8 running 64-bit major release  (build 9200)
| Command      : report_timing_summary -max_paths 10 -file au_top_0_timing_summary_routed.rpt -pb au_top_0_timing_summary_routed.pb -rpx au_top_0_timing_summary_routed.rpx -warn_on_violation
| Design       : au_top_0
| Device       : 7a35t-ftg256
| Speed File   : -1  PRODUCTION 1.23 2018-06-13
-----------------------------------------------------------------------------------------------------------------------------------------------------------------------------------------------

Timing Summary Report

------------------------------------------------------------------------------------------------
| Timer Settings
| --------------
------------------------------------------------------------------------------------------------

  Enable Multi Corner Analysis               :  Yes
  Enable Pessimism Removal                   :  Yes
  Pessimism Removal Resolution               :  Nearest Common Node
  Enable Input Delay Default Clock           :  No
  Enable Preset / Clear Arcs                 :  No
  Disable Flight Delays                      :  No
  Ignore I/O Paths                           :  No
  Timing Early Launch at Borrowing Latches   :  false

  Corner  Analyze    Analyze    
  Name    Max Paths  Min Paths  
  ------  ---------  ---------  
  Slow    Yes        Yes        
  Fast    Yes        Yes        



check_timing report

Table of Contents
-----------------
1. checking no_clock
2. checking constant_clock
3. checking pulse_width_clock
4. checking unconstrained_internal_endpoints
5. checking no_input_delay
6. checking no_output_delay
7. checking multiple_clock
8. checking generated_clocks
9. checking loops
10. checking partial_input_delay
11. checking partial_output_delay
12. checking latch_loops

1. checking no_clock
--------------------
 There are 0 register/latch pins with no clock.


2. checking constant_clock
--------------------------
 There are 0 register/latch pins with constant_clock.


3. checking pulse_width_clock
-----------------------------
 There are 0 register/latch pins which need pulse_width check


4. checking unconstrained_internal_endpoints
--------------------------------------------
 There are 0 pins that are not constrained for maximum delay.

 There are 0 pins that are not constrained for maximum delay due to constant clock.


5. checking no_input_delay
--------------------------
 There is 1 input port with no input delay specified. (HIGH)

 There are 0 input ports with no input delay but user has a false path constraint.


6. checking no_output_delay
---------------------------
 There are 8 ports with no output delay specified. (HIGH)

 There are 0 ports with no output delay but user has a false path constraint

 There are 0 ports with no output delay but with a timing clock defined on it or propagating through it


7. checking multiple_clock
--------------------------
 There are 0 register/latch pins with multiple clocks.


8. checking generated_clocks
----------------------------
 There are 0 generated clocks that are not connected to a clock source.


9. checking loops
-----------------
 There are 0 combinational loops in the design.


10. checking partial_input_delay
--------------------------------
 There are 0 input ports with partial input delay specified.


11. checking partial_output_delay
---------------------------------
 There are 0 ports with partial output delay specified.


12. checking latch_loops
------------------------
 There are 0 combinational latch loops in the design through latch input



------------------------------------------------------------------------------------------------
| Design Timing Summary
| ---------------------
------------------------------------------------------------------------------------------------

    WNS(ns)      TNS(ns)  TNS Failing Endpoints  TNS Total Endpoints      WHS(ns)      THS(ns)  THS Failing Endpoints  THS Total Endpoints     WPWS(ns)     TPWS(ns)  TPWS Failing Endpoints  TPWS Total Endpoints  
    -------      -------  ---------------------  -------------------      -------      -------  ---------------------  -------------------     --------     --------  ----------------------  --------------------  
      8.810        0.000                      0                    3        0.243        0.000                      0                    3        4.500        0.000                       0                     5  


All user specified timing constraints are met.


------------------------------------------------------------------------------------------------
| Clock Summary
| -------------
------------------------------------------------------------------------------------------------

Clock  Waveform(ns)       Period(ns)      Frequency(MHz)
-----  ------------       ----------      --------------
clk_0  {0.000 5.000}      10.000          100.000         


------------------------------------------------------------------------------------------------
| Intra Clock Table
| -----------------
------------------------------------------------------------------------------------------------

Clock             WNS(ns)      TNS(ns)  TNS Failing Endpoints  TNS Total Endpoints      WHS(ns)      THS(ns)  THS Failing Endpoints  THS Total Endpoints     WPWS(ns)     TPWS(ns)  TPWS Failing Endpoints  TPWS Total Endpoints  
-----             -------      -------  ---------------------  -------------------      -------      -------  ---------------------  -------------------     --------     --------  ----------------------  --------------------  
clk_0               8.810        0.000                      0                    3        0.243        0.000                      0                    3        4.500        0.000                       0                     5  


------------------------------------------------------------------------------------------------
| Inter Clock Table
| -----------------
------------------------------------------------------------------------------------------------

From Clock    To Clock          WNS(ns)      TNS(ns)  TNS Failing Endpoints  TNS Total Endpoints      WHS(ns)      THS(ns)  THS Failing Endpoints  THS Total Endpoints  
----------    --------          -------      -------  ---------------------  -------------------      -------      -------  ---------------------  -------------------  


------------------------------------------------------------------------------------------------
| Other Path Groups Table
| -----------------------
------------------------------------------------------------------------------------------------

Path Group    From Clock    To Clock          WNS(ns)      TNS(ns)  TNS Failing Endpoints  TNS Total Endpoints      WHS(ns)      THS(ns)  THS Failing Endpoints  THS Total Endpoints  
----------    ----------    --------          -------      -------  ---------------------  -------------------      -------      -------  ---------------------  -------------------  


------------------------------------------------------------------------------------------------
| Timing Details
| --------------
------------------------------------------------------------------------------------------------


---------------------------------------------------------------------------------------------------
From Clock:  clk_0
  To Clock:  clk_0

Setup :            0  Failing Endpoints,  Worst Slack        8.810ns,  Total Violation        0.000ns
Hold  :            0  Failing Endpoints,  Worst Slack        0.243ns,  Total Violation        0.000ns
PW    :            0  Failing Endpoints,  Worst Slack        4.500ns,  Total Violation        0.000ns
---------------------------------------------------------------------------------------------------


Max Delay Paths
--------------------------------------------------------------------------------------
Slack (MET) :             8.810ns  (required time - arrival time)
  Source:                 reset_cond/M_stage_q_reg[0]/C
                            (rising edge-triggered cell FDSE clocked by clk_0  {rise@0.000ns fall@5.000ns period=10.000ns})
  Destination:            reset_cond/M_stage_q_reg[1]/D
                            (rising edge-triggered cell FDSE clocked by clk_0  {rise@0.000ns fall@5.000ns period=10.000ns})
  Path Group:             clk_0
  Path Type:              Setup (Max at Slow Process Corner)
  Requirement:            10.000ns  (clk_0 rise@10.000ns - clk_0 rise@0.000ns)
  Data Path Delay:        1.074ns  (logic 0.456ns (42.474%)  route 0.618ns (57.526%))
  Logic Levels:           0  
  Clock Path Skew:        0.000ns (DCD - SCD + CPR)
    Destination Clock Delay (DCD):    4.913ns = ( 14.913 - 10.000 ) 
    Source Clock Delay      (SCD):    5.210ns
    Clock Pessimism Removal (CPR):    0.297ns
  Clock Uncertainty:      0.035ns  ((TSJ^2 + TIJ^2)^1/2 + DJ) / 2 + PE
    Total System Jitter     (TSJ):    0.071ns
    Total Input Jitter      (TIJ):    0.000ns
    Discrete Jitter          (DJ):    0.000ns
    Phase Error              (PE):    0.000ns

    Location             Delay type                Incr(ns)  Path(ns)    Netlist Resource(s)
  -------------------------------------------------------------------    -------------------
                         (clock clk_0 rise edge)      0.000     0.000 r  
    N14                                               0.000     0.000 r  clk (IN)
                         net (fo=0)                   0.000     0.000    clk
    N14                  IBUF (Prop_ibuf_I_O)         1.517     1.517 r  clk_IBUF_inst/O
                         net (fo=1, routed)           1.972     3.488    clk_IBUF
    BUFGCTRL_X0Y0        BUFG (Prop_bufg_I_O)         0.096     3.584 r  clk_IBUF_BUFG_inst/O
                         net (fo=4, routed)           1.626     5.210    reset_cond/clk
    SLICE_X0Y30          FDSE                                         r  reset_cond/M_stage_q_reg[0]/C
  -------------------------------------------------------------------    -------------------
    SLICE_X0Y30          FDSE (Prop_fdse_C_Q)         0.456     5.666 r  reset_cond/M_stage_q_reg[0]/Q
                         net (fo=1, routed)           0.618     6.284    reset_cond/M_stage_d[1]
    SLICE_X0Y30          FDSE                                         r  reset_cond/M_stage_q_reg[1]/D
  -------------------------------------------------------------------    -------------------

                         (clock clk_0 rise edge)     10.000    10.000 r  
    N14                                               0.000    10.000 r  clk (IN)
                         net (fo=0)                   0.000    10.000    clk
    N14                  IBUF (Prop_ibuf_I_O)         1.446    11.446 r  clk_IBUF_inst/O
                         net (fo=1, routed)           1.868    13.314    clk_IBUF
    BUFGCTRL_X0Y0        BUFG (Prop_bufg_I_O)         0.091    13.405 r  clk_IBUF_BUFG_inst/O
                         net (fo=4, routed)           1.508    14.913    reset_cond/clk
    SLICE_X0Y30          FDSE                                         r  reset_cond/M_stage_q_reg[1]/C
                         clock pessimism              0.297    15.210    
                         clock uncertainty           -0.035    15.175    
    SLICE_X0Y30          FDSE (Setup_fdse_C_D)       -0.081    15.094    reset_cond/M_stage_q_reg[1]
  -------------------------------------------------------------------
                         required time                         15.094    
                         arrival time                          -6.284    
  -------------------------------------------------------------------
                         slack                                  8.810    

Slack (MET) :             8.876ns  (required time - arrival time)
  Source:                 reset_cond/M_stage_q_reg[2]/C
                            (rising edge-triggered cell FDSE clocked by clk_0  {rise@0.000ns fall@5.000ns period=10.000ns})
  Destination:            reset_cond/M_stage_q_reg[3]/D
                            (rising edge-triggered cell FDSE clocked by clk_0  {rise@0.000ns fall@5.000ns period=10.000ns})
  Path Group:             clk_0
  Path Type:              Setup (Max at Slow Process Corner)
  Requirement:            10.000ns  (clk_0 rise@10.000ns - clk_0 rise@0.000ns)
  Data Path Delay:        1.030ns  (logic 0.456ns (44.262%)  route 0.574ns (55.738%))
  Logic Levels:           0  
  Clock Path Skew:        0.000ns (DCD - SCD + CPR)
    Destination Clock Delay (DCD):    4.913ns = ( 14.913 - 10.000 ) 
    Source Clock Delay      (SCD):    5.210ns
    Clock Pessimism Removal (CPR):    0.297ns
  Clock Uncertainty:      0.035ns  ((TSJ^2 + TIJ^2)^1/2 + DJ) / 2 + PE
    Total System Jitter     (TSJ):    0.071ns
    Total Input Jitter      (TIJ):    0.000ns
    Discrete Jitter          (DJ):    0.000ns
    Phase Error              (PE):    0.000ns

    Location             Delay type                Incr(ns)  Path(ns)    Netlist Resource(s)
  -------------------------------------------------------------------    -------------------
                         (clock clk_0 rise edge)      0.000     0.000 r  
    N14                                               0.000     0.000 r  clk (IN)
                         net (fo=0)                   0.000     0.000    clk
    N14                  IBUF (Prop_ibuf_I_O)         1.517     1.517 r  clk_IBUF_inst/O
                         net (fo=1, routed)           1.972     3.488    clk_IBUF
    BUFGCTRL_X0Y0        BUFG (Prop_bufg_I_O)         0.096     3.584 r  clk_IBUF_BUFG_inst/O
                         net (fo=4, routed)           1.626     5.210    reset_cond/clk
    SLICE_X0Y30          FDSE                                         r  reset_cond/M_stage_q_reg[2]/C
  -------------------------------------------------------------------    -------------------
    SLICE_X0Y30          FDSE (Prop_fdse_C_Q)         0.456     5.666 r  reset_cond/M_stage_q_reg[2]/Q
                         net (fo=1, routed)           0.574     6.241    reset_cond/M_stage_d[3]
    SLICE_X0Y30          FDSE                                         r  reset_cond/M_stage_q_reg[3]/D
  -------------------------------------------------------------------    -------------------

                         (clock clk_0 rise edge)     10.000    10.000 r  
    N14                                               0.000    10.000 r  clk (IN)
                         net (fo=0)                   0.000    10.000    clk
    N14                  IBUF (Prop_ibuf_I_O)         1.446    11.446 r  clk_IBUF_inst/O
                         net (fo=1, routed)           1.868    13.314    clk_IBUF
    BUFGCTRL_X0Y0        BUFG (Prop_bufg_I_O)         0.091    13.405 r  clk_IBUF_BUFG_inst/O
                         net (fo=4, routed)           1.508    14.913    reset_cond/clk
    SLICE_X0Y30          FDSE                                         r  reset_cond/M_stage_q_reg[3]/C
                         clock pessimism              0.297    15.210    
                         clock uncertainty           -0.035    15.175    
    SLICE_X0Y30          FDSE (Setup_fdse_C_D)       -0.058    15.117    reset_cond/M_stage_q_reg[3]
  -------------------------------------------------------------------
                         required time                         15.117    
                         arrival time                          -6.241    
  -------------------------------------------------------------------
                         slack                                  8.876    

Slack (MET) :             8.927ns  (required time - arrival time)
  Source:                 reset_cond/M_stage_q_reg[1]/C
                            (rising edge-triggered cell FDSE clocked by clk_0  {rise@0.000ns fall@5.000ns period=10.000ns})
  Destination:            reset_cond/M_stage_q_reg[2]/D
                            (rising edge-triggered cell FDSE clocked by clk_0  {rise@0.000ns fall@5.000ns period=10.000ns})
  Path Group:             clk_0
  Path Type:              Setup (Max at Slow Process Corner)
  Requirement:            10.000ns  (clk_0 rise@10.000ns - clk_0 rise@0.000ns)
  Data Path Delay:        0.977ns  (logic 0.456ns (46.669%)  route 0.521ns (53.331%))
  Logic Levels:           0  
  Clock Path Skew:        0.000ns (DCD - SCD + CPR)
    Destination Clock Delay (DCD):    4.913ns = ( 14.913 - 10.000 ) 
    Source Clock Delay      (SCD):    5.210ns
    Clock Pessimism Removal (CPR):    0.297ns
  Clock Uncertainty:      0.035ns  ((TSJ^2 + TIJ^2)^1/2 + DJ) / 2 + PE
    Total System Jitter     (TSJ):    0.071ns
    Total Input Jitter      (TIJ):    0.000ns
    Discrete Jitter          (DJ):    0.000ns
    Phase Error              (PE):    0.000ns

    Location             Delay type                Incr(ns)  Path(ns)    Netlist Resource(s)
  -------------------------------------------------------------------    -------------------
                         (clock clk_0 rise edge)      0.000     0.000 r  
    N14                                               0.000     0.000 r  clk (IN)
                         net (fo=0)                   0.000     0.000    clk
    N14                  IBUF (Prop_ibuf_I_O)         1.517     1.517 r  clk_IBUF_inst/O
                         net (fo=1, routed)           1.972     3.488    clk_IBUF
    BUFGCTRL_X0Y0        BUFG (Prop_bufg_I_O)         0.096     3.584 r  clk_IBUF_BUFG_inst/O
                         net (fo=4, routed)           1.626     5.210    reset_cond/clk
    SLICE_X0Y30          FDSE                                         r  reset_cond/M_stage_q_reg[1]/C
  -------------------------------------------------------------------    -------------------
    SLICE_X0Y30          FDSE (Prop_fdse_C_Q)         0.456     5.666 r  reset_cond/M_stage_q_reg[1]/Q
                         net (fo=1, routed)           0.521     6.188    reset_cond/M_stage_d[2]
    SLICE_X0Y30          FDSE                                         r  reset_cond/M_stage_q_reg[2]/D
  -------------------------------------------------------------------    -------------------

                         (clock clk_0 rise edge)     10.000    10.000 r  
    N14                                               0.000    10.000 r  clk (IN)
                         net (fo=0)                   0.000    10.000    clk
    N14                  IBUF (Prop_ibuf_I_O)         1.446    11.446 r  clk_IBUF_inst/O
                         net (fo=1, routed)           1.868    13.314    clk_IBUF
    BUFGCTRL_X0Y0        BUFG (Prop_bufg_I_O)         0.091    13.405 r  clk_IBUF_BUFG_inst/O
                         net (fo=4, routed)           1.508    14.913    reset_cond/clk
    SLICE_X0Y30          FDSE                                         r  reset_cond/M_stage_q_reg[2]/C
                         clock pessimism              0.297    15.210    
                         clock uncertainty           -0.035    15.175    
    SLICE_X0Y30          FDSE (Setup_fdse_C_D)       -0.061    15.114    reset_cond/M_stage_q_reg[2]
  -------------------------------------------------------------------
                         required time                         15.114    
                         arrival time                          -6.188    
  -------------------------------------------------------------------
                         slack                                  8.927    





Min Delay Paths
--------------------------------------------------------------------------------------
Slack (MET) :             0.243ns  (arrival time - required time)
  Source:                 reset_cond/M_stage_q_reg[1]/C
                            (rising edge-triggered cell FDSE clocked by clk_0  {rise@0.000ns fall@5.000ns period=10.000ns})
  Destination:            reset_cond/M_stage_q_reg[2]/D
                            (rising edge-triggered cell FDSE clocked by clk_0  {rise@0.000ns fall@5.000ns period=10.000ns})
  Path Group:             clk_0
  Path Type:              Hold (Min at Fast Process Corner)
  Requirement:            0.000ns  (clk_0 rise@0.000ns - clk_0 rise@0.000ns)
  Data Path Delay:        0.313ns  (logic 0.141ns (45.034%)  route 0.172ns (54.966%))
  Logic Levels:           0  
  Clock Path Skew:        0.000ns (DCD - SCD - CPR)
    Destination Clock Delay (DCD):    2.046ns
    Source Clock Delay      (SCD):    1.531ns
    Clock Pessimism Removal (CPR):    0.515ns

    Location             Delay type                Incr(ns)  Path(ns)    Netlist Resource(s)
  -------------------------------------------------------------------    -------------------
                         (clock clk_0 rise edge)      0.000     0.000 r  
    N14                                               0.000     0.000 r  clk (IN)
                         net (fo=0)                   0.000     0.000    clk
    N14                  IBUF (Prop_ibuf_I_O)         0.284     0.284 r  clk_IBUF_inst/O
                         net (fo=1, routed)           0.634     0.918    clk_IBUF
    BUFGCTRL_X0Y0        BUFG (Prop_bufg_I_O)         0.026     0.944 r  clk_IBUF_BUFG_inst/O
                         net (fo=4, routed)           0.587     1.531    reset_cond/clk
    SLICE_X0Y30          FDSE                                         r  reset_cond/M_stage_q_reg[1]/C
  -------------------------------------------------------------------    -------------------
    SLICE_X0Y30          FDSE (Prop_fdse_C_Q)         0.141     1.672 r  reset_cond/M_stage_q_reg[1]/Q
                         net (fo=1, routed)           0.172     1.844    reset_cond/M_stage_d[2]
    SLICE_X0Y30          FDSE                                         r  reset_cond/M_stage_q_reg[2]/D
  -------------------------------------------------------------------    -------------------

                         (clock clk_0 rise edge)      0.000     0.000 r  
    N14                                               0.000     0.000 r  clk (IN)
                         net (fo=0)                   0.000     0.000    clk
    N14                  IBUF (Prop_ibuf_I_O)         0.472     0.472 r  clk_IBUF_inst/O
                         net (fo=1, routed)           0.689     1.161    clk_IBUF
    BUFGCTRL_X0Y0        BUFG (Prop_bufg_I_O)         0.029     1.190 r  clk_IBUF_BUFG_inst/O
                         net (fo=4, routed)           0.856     2.046    reset_cond/clk
    SLICE_X0Y30          FDSE                                         r  reset_cond/M_stage_q_reg[2]/C
                         clock pessimism             -0.515     1.531    
    SLICE_X0Y30          FDSE (Hold_fdse_C_D)         0.070     1.601    reset_cond/M_stage_q_reg[2]
  -------------------------------------------------------------------
                         required time                         -1.601    
                         arrival time                           1.844    
  -------------------------------------------------------------------
                         slack                                  0.243    

Slack (MET) :             0.251ns  (arrival time - required time)
  Source:                 reset_cond/M_stage_q_reg[2]/C
                            (rising edge-triggered cell FDSE clocked by clk_0  {rise@0.000ns fall@5.000ns period=10.000ns})
  Destination:            reset_cond/M_stage_q_reg[3]/D
                            (rising edge-triggered cell FDSE clocked by clk_0  {rise@0.000ns fall@5.000ns period=10.000ns})
  Path Group:             clk_0
  Path Type:              Hold (Min at Fast Process Corner)
  Requirement:            0.000ns  (clk_0 rise@0.000ns - clk_0 rise@0.000ns)
  Data Path Delay:        0.323ns  (logic 0.141ns (43.623%)  route 0.182ns (56.377%))
  Logic Levels:           0  
  Clock Path Skew:        0.000ns (DCD - SCD - CPR)
    Destination Clock Delay (DCD):    2.046ns
    Source Clock Delay      (SCD):    1.531ns
    Clock Pessimism Removal (CPR):    0.515ns

    Location             Delay type                Incr(ns)  Path(ns)    Netlist Resource(s)
  -------------------------------------------------------------------    -------------------
                         (clock clk_0 rise edge)      0.000     0.000 r  
    N14                                               0.000     0.000 r  clk (IN)
                         net (fo=0)                   0.000     0.000    clk
    N14                  IBUF (Prop_ibuf_I_O)         0.284     0.284 r  clk_IBUF_inst/O
                         net (fo=1, routed)           0.634     0.918    clk_IBUF
    BUFGCTRL_X0Y0        BUFG (Prop_bufg_I_O)         0.026     0.944 r  clk_IBUF_BUFG_inst/O
                         net (fo=4, routed)           0.587     1.531    reset_cond/clk
    SLICE_X0Y30          FDSE                                         r  reset_cond/M_stage_q_reg[2]/C
  -------------------------------------------------------------------    -------------------
    SLICE_X0Y30          FDSE (Prop_fdse_C_Q)         0.141     1.672 r  reset_cond/M_stage_q_reg[2]/Q
                         net (fo=1, routed)           0.182     1.854    reset_cond/M_stage_d[3]
    SLICE_X0Y30          FDSE                                         r  reset_cond/M_stage_q_reg[3]/D
  -------------------------------------------------------------------    -------------------

                         (clock clk_0 rise edge)      0.000     0.000 r  
    N14                                               0.000     0.000 r  clk (IN)
                         net (fo=0)                   0.000     0.000    clk
    N14                  IBUF (Prop_ibuf_I_O)         0.472     0.472 r  clk_IBUF_inst/O
                         net (fo=1, routed)           0.689     1.161    clk_IBUF
    BUFGCTRL_X0Y0        BUFG (Prop_bufg_I_O)         0.029     1.190 r  clk_IBUF_BUFG_inst/O
                         net (fo=4, routed)           0.856     2.046    reset_cond/clk
    SLICE_X0Y30          FDSE                                         r  reset_cond/M_stage_q_reg[3]/C
                         clock pessimism             -0.515     1.531    
    SLICE_X0Y30          FDSE (Hold_fdse_C_D)         0.072     1.603    reset_cond/M_stage_q_reg[3]
  -------------------------------------------------------------------
                         required time                         -1.603    
                         arrival time                           1.854    
  -------------------------------------------------------------------
                         slack                                  0.251    

Slack (MET) :             0.279ns  (arrival time - required time)
  Source:                 reset_cond/M_stage_q_reg[0]/C
                            (rising edge-triggered cell FDSE clocked by clk_0  {rise@0.000ns fall@5.000ns period=10.000ns})
  Destination:            reset_cond/M_stage_q_reg[1]/D
                            (rising edge-triggered cell FDSE clocked by clk_0  {rise@0.000ns fall@5.000ns period=10.000ns})
  Path Group:             clk_0
  Path Type:              Hold (Min at Fast Process Corner)
  Requirement:            0.000ns  (clk_0 rise@0.000ns - clk_0 rise@0.000ns)
  Data Path Delay:        0.345ns  (logic 0.141ns (40.918%)  route 0.204ns (59.082%))
  Logic Levels:           0  
  Clock Path Skew:        0.000ns (DCD - SCD - CPR)
    Destination Clock Delay (DCD):    2.046ns
    Source Clock Delay      (SCD):    1.531ns
    Clock Pessimism Removal (CPR):    0.515ns

    Location             Delay type                Incr(ns)  Path(ns)    Netlist Resource(s)
  -------------------------------------------------------------------    -------------------
                         (clock clk_0 rise edge)      0.000     0.000 r  
    N14                                               0.000     0.000 r  clk (IN)
                         net (fo=0)                   0.000     0.000    clk
    N14                  IBUF (Prop_ibuf_I_O)         0.284     0.284 r  clk_IBUF_inst/O
                         net (fo=1, routed)           0.634     0.918    clk_IBUF
    BUFGCTRL_X0Y0        BUFG (Prop_bufg_I_O)         0.026     0.944 r  clk_IBUF_BUFG_inst/O
                         net (fo=4, routed)           0.587     1.531    reset_cond/clk
    SLICE_X0Y30          FDSE                                         r  reset_cond/M_stage_q_reg[0]/C
  -------------------------------------------------------------------    -------------------
    SLICE_X0Y30          FDSE (Prop_fdse_C_Q)         0.141     1.672 r  reset_cond/M_stage_q_reg[0]/Q
                         net (fo=1, routed)           0.204     1.875    reset_cond/M_stage_d[1]
    SLICE_X0Y30          FDSE                                         r  reset_cond/M_stage_q_reg[1]/D
  -------------------------------------------------------------------    -------------------

                         (clock clk_0 rise edge)      0.000     0.000 r  
    N14                                               0.000     0.000 r  clk (IN)
                         net (fo=0)                   0.000     0.000    clk
    N14                  IBUF (Prop_ibuf_I_O)         0.472     0.472 r  clk_IBUF_inst/O
                         net (fo=1, routed)           0.689     1.161    clk_IBUF
    BUFGCTRL_X0Y0        BUFG (Prop_bufg_I_O)         0.029     1.190 r  clk_IBUF_BUFG_inst/O
                         net (fo=4, routed)           0.856     2.046    reset_cond/clk
    SLICE_X0Y30          FDSE                                         r  reset_cond/M_stage_q_reg[1]/C
                         clock pessimism             -0.515     1.531    
    SLICE_X0Y30          FDSE (Hold_fdse_C_D)         0.066     1.597    reset_cond/M_stage_q_reg[1]
  -------------------------------------------------------------------
                         required time                         -1.597    
                         arrival time                           1.875    
  -------------------------------------------------------------------
                         slack                                  0.279    





Pulse Width Checks
--------------------------------------------------------------------------------------
Clock Name:         clk_0
Waveform(ns):       { 0.000 5.000 }
Period(ns):         10.000
Sources:            { clk }

Check Type        Corner  Lib Pin  Reference Pin  Required(ns)  Actual(ns)  Slack(ns)  Location       Pin
Min Period        n/a     BUFG/I   n/a            2.155         10.000      7.845      BUFGCTRL_X0Y0  clk_IBUF_BUFG_inst/I
Min Period        n/a     FDSE/C   n/a            1.000         10.000      9.000      SLICE_X0Y30    reset_cond/M_stage_q_reg[0]/C
Min Period        n/a     FDSE/C   n/a            1.000         10.000      9.000      SLICE_X0Y30    reset_cond/M_stage_q_reg[1]/C
Min Period        n/a     FDSE/C   n/a            1.000         10.000      9.000      SLICE_X0Y30    reset_cond/M_stage_q_reg[2]/C
Min Period        n/a     FDSE/C   n/a            1.000         10.000      9.000      SLICE_X0Y30    reset_cond/M_stage_q_reg[3]/C
Low Pulse Width   Fast    FDSE/C   n/a            0.500         5.000       4.500      SLICE_X0Y30    reset_cond/M_stage_q_reg[0]/C
Low Pulse Width   Fast    FDSE/C   n/a            0.500         5.000       4.500      SLICE_X0Y30    reset_cond/M_stage_q_reg[1]/C
Low Pulse Width   Fast    FDSE/C   n/a            0.500         5.000       4.500      SLICE_X0Y30    reset_cond/M_stage_q_reg[2]/C
Low Pulse Width   Fast    FDSE/C   n/a            0.500         5.000       4.500      SLICE_X0Y30    reset_cond/M_stage_q_reg[3]/C
Low Pulse Width   Slow    FDSE/C   n/a            0.500         5.000       4.500      SLICE_X0Y30    reset_cond/M_stage_q_reg[0]/C
Low Pulse Width   Slow    FDSE/C   n/a            0.500         5.000       4.500      SLICE_X0Y30    reset_cond/M_stage_q_reg[1]/C
Low Pulse Width   Slow    FDSE/C   n/a            0.500         5.000       4.500      SLICE_X0Y30    reset_cond/M_stage_q_reg[2]/C
Low Pulse Width   Slow    FDSE/C   n/a            0.500         5.000       4.500      SLICE_X0Y30    reset_cond/M_stage_q_reg[3]/C
High Pulse Width  Slow    FDSE/C   n/a            0.500         5.000       4.500      SLICE_X0Y30    reset_cond/M_stage_q_reg[0]/C
High Pulse Width  Slow    FDSE/C   n/a            0.500         5.000       4.500      SLICE_X0Y30    reset_cond/M_stage_q_reg[1]/C
High Pulse Width  Slow    FDSE/C   n/a            0.500         5.000       4.500      SLICE_X0Y30    reset_cond/M_stage_q_reg[2]/C
High Pulse Width  Slow    FDSE/C   n/a            0.500         5.000       4.500      SLICE_X0Y30    reset_cond/M_stage_q_reg[3]/C
High Pulse Width  Fast    FDSE/C   n/a            0.500         5.000       4.500      SLICE_X0Y30    reset_cond/M_stage_q_reg[0]/C
High Pulse Width  Fast    FDSE/C   n/a            0.500         5.000       4.500      SLICE_X0Y30    reset_cond/M_stage_q_reg[1]/C
High Pulse Width  Fast    FDSE/C   n/a            0.500         5.000       4.500      SLICE_X0Y30    reset_cond/M_stage_q_reg[2]/C
High Pulse Width  Fast    FDSE/C   n/a            0.500         5.000       4.500      SLICE_X0Y30    reset_cond/M_stage_q_reg[3]/C



